#! /c/Source/iverilog-install/bin/vvp
:ivl_version "12.0 (devel)" "(s20150603-1539-g2693dd32b)";
:ivl_delay_selection "TYPICAL";
:vpi_time_precision + 0;
:vpi_module "C:\iverilog\lib\ivl\system.vpi";
:vpi_module "C:\iverilog\lib\ivl\vhdl_sys.vpi";
:vpi_module "C:\iverilog\lib\ivl\vhdl_textio.vpi";
:vpi_module "C:\iverilog\lib\ivl\v2005_math.vpi";
:vpi_module "C:\iverilog\lib\ivl\va_math.vpi";
S_0000022b0d572ce0 .scope module, "ID" "ID" 2 1;
 .timescale 0 0;
    .port_info 0 /INPUT 1 "switch_cache_w_in";
    .port_info 1 /INPUT 1 "rotate_signal_in";
    .port_info 2 /INPUT 1 "d_mem_r_in";
    .port_info 3 /INPUT 1 "d_mem_w_in";
    .port_info 4 /INPUT 1 "branch_in";
    .port_info 5 /INPUT 1 "jump_in";
    .port_info 6 /INPUT 1 "write_reg_en_in";
    .port_info 7 /INPUT 1 "mux_d_mem_in";
    .port_info 8 /INPUT 2 "mux_result_in";
    .port_info 9 /INPUT 1 "mux_inp_2_in";
    .port_info 10 /INPUT 1 "mux_complmnt_in";
    .port_info 11 /INPUT 1 "mux_inp_1_in";
    .port_info 12 /INPUT 3 "alu_op_in";
    .port_info 13 /INPUT 3 "fun_3_in";
    .port_info 14 /INPUT 5 "write_address_in";
    .port_info 15 /INPUT 32 "data_1_in";
    .port_info 16 /INPUT 32 "data_2_in";
    .port_info 17 /INPUT 32 "mux_1_out_in";
    .port_info 18 /INPUT 32 "pc_in";
    .port_info 19 /INPUT 32 "pc_4_in";
    .port_info 20 /INPUT 1 "reset";
    .port_info 21 /INPUT 1 "clk";
    .port_info 22 /INPUT 1 "busywait";
    .port_info 23 /INPUT 1 "branch_jump_signal";
    .port_info 24 /OUTPUT 1 "rotate_signal_out";
    .port_info 25 /OUTPUT 1 "mux_complmnt_out";
    .port_info 26 /OUTPUT 1 "mux_inp_2_out";
    .port_info 27 /OUTPUT 1 "mux_inp_1_out";
    .port_info 28 /OUTPUT 1 "mux_d_mem_out";
    .port_info 29 /OUTPUT 1 "write_reg_en_out";
    .port_info 30 /OUTPUT 1 "d_mem_r_out";
    .port_info 31 /OUTPUT 1 "d_mem_w_out";
    .port_info 32 /OUTPUT 1 "branch_out";
    .port_info 33 /OUTPUT 1 "jump_out";
    .port_info 34 /OUTPUT 32 "pc_4_out";
    .port_info 35 /OUTPUT 32 "pc_out";
    .port_info 36 /OUTPUT 32 "data_1_out";
    .port_info 37 /OUTPUT 32 "data_2_out";
    .port_info 38 /OUTPUT 32 "mux_1_out_out";
    .port_info 39 /OUTPUT 2 "mux_result_out";
    .port_info 40 /OUTPUT 5 "write_address_out";
    .port_info 41 /OUTPUT 3 "alu_op_out";
    .port_info 42 /OUTPUT 3 "fun_3_out";
    .port_info 43 /OUTPUT 1 "switch_cache_w_out";
o0000022b0d5b4fb8 .functor BUFZ 3, C4<zzz>; HiZ drive
v0000022b0d572fe0_0 .net "alu_op_in", 2 0, o0000022b0d5b4fb8;  0 drivers
v0000022b0d573080_0 .var "alu_op_out", 2 0;
o0000022b0d5b5018 .functor BUFZ 1, C4<z>; HiZ drive
v0000022b0d5a4e90_0 .net "branch_in", 0 0, o0000022b0d5b5018;  0 drivers
o0000022b0d5b5048 .functor BUFZ 1, C4<z>; HiZ drive
v0000022b0d5a4f30_0 .net "branch_jump_signal", 0 0, o0000022b0d5b5048;  0 drivers
v0000022b0d5fd820_0 .var "branch_out", 0 0;
o0000022b0d5b50a8 .functor BUFZ 1, C4<z>; HiZ drive
v0000022b0d5fd8c0_0 .net "busywait", 0 0, o0000022b0d5b50a8;  0 drivers
o0000022b0d5b50d8 .functor BUFZ 1, C4<z>; HiZ drive
v0000022b0d5fd960_0 .net "clk", 0 0, o0000022b0d5b50d8;  0 drivers
o0000022b0d5b5108 .functor BUFZ 1, C4<z>; HiZ drive
v0000022b0d5fda00_0 .net "d_mem_r_in", 0 0, o0000022b0d5b5108;  0 drivers
v0000022b0d5fdaa0_0 .var "d_mem_r_out", 0 0;
o0000022b0d5b5168 .functor BUFZ 1, C4<z>; HiZ drive
v0000022b0d5fdb40_0 .net "d_mem_w_in", 0 0, o0000022b0d5b5168;  0 drivers
v0000022b0d5fdbe0_0 .var "d_mem_w_out", 0 0;
o0000022b0d5b51c8 .functor BUFZ 32, C4<zzzzzzzzzzzzzzzzzzzzzzzzzzzzzzzz>; HiZ drive
v0000022b0d5fdc80_0 .net "data_1_in", 31 0, o0000022b0d5b51c8;  0 drivers
v0000022b0d5fdd20_0 .var "data_1_out", 31 0;
o0000022b0d5b5228 .functor BUFZ 32, C4<zzzzzzzzzzzzzzzzzzzzzzzzzzzzzzzz>; HiZ drive
v0000022b0d5fdff0_0 .net "data_2_in", 31 0, o0000022b0d5b5228;  0 drivers
v0000022b0d5fe810_0 .var "data_2_out", 31 0;
o0000022b0d5b5288 .functor BUFZ 3, C4<zzz>; HiZ drive
v0000022b0d5fe270_0 .net "fun_3_in", 2 0, o0000022b0d5b5288;  0 drivers
v0000022b0d5fe310_0 .var "fun_3_out", 2 0;
o0000022b0d5b52e8 .functor BUFZ 1, C4<z>; HiZ drive
v0000022b0d5fe770_0 .net "jump_in", 0 0, o0000022b0d5b52e8;  0 drivers
v0000022b0d5feb30_0 .var "jump_out", 0 0;
o0000022b0d5b5348 .functor BUFZ 32, C4<zzzzzzzzzzzzzzzzzzzzzzzzzzzzzzzz>; HiZ drive
v0000022b0d5fe3b0_0 .net "mux_1_out_in", 31 0, o0000022b0d5b5348;  0 drivers
v0000022b0d5fea90_0 .var "mux_1_out_out", 31 0;
o0000022b0d5b53a8 .functor BUFZ 1, C4<z>; HiZ drive
v0000022b0d5fe450_0 .net "mux_complmnt_in", 0 0, o0000022b0d5b53a8;  0 drivers
v0000022b0d5fe130_0 .var "mux_complmnt_out", 0 0;
o0000022b0d5b5408 .functor BUFZ 1, C4<z>; HiZ drive
v0000022b0d5fdeb0_0 .net "mux_d_mem_in", 0 0, o0000022b0d5b5408;  0 drivers
v0000022b0d5febd0_0 .var "mux_d_mem_out", 0 0;
o0000022b0d5b5468 .functor BUFZ 1, C4<z>; HiZ drive
v0000022b0d5fe1d0_0 .net "mux_inp_1_in", 0 0, o0000022b0d5b5468;  0 drivers
v0000022b0d5fe950_0 .var "mux_inp_1_out", 0 0;
o0000022b0d5b54c8 .functor BUFZ 1, C4<z>; HiZ drive
v0000022b0d5fe8b0_0 .net "mux_inp_2_in", 0 0, o0000022b0d5b54c8;  0 drivers
v0000022b0d5fe4f0_0 .var "mux_inp_2_out", 0 0;
o0000022b0d5b5528 .functor BUFZ 2, C4<zz>; HiZ drive
v0000022b0d5fe590_0 .net "mux_result_in", 1 0, o0000022b0d5b5528;  0 drivers
v0000022b0d5fe090_0 .var "mux_result_out", 1 0;
o0000022b0d5b5588 .functor BUFZ 32, C4<zzzzzzzzzzzzzzzzzzzzzzzzzzzzzzzz>; HiZ drive
v0000022b0d5fe9f0_0 .net "pc_4_in", 31 0, o0000022b0d5b5588;  0 drivers
v0000022b0d5fec70_0 .var "pc_4_out", 31 0;
o0000022b0d5b55e8 .functor BUFZ 32, C4<zzzzzzzzzzzzzzzzzzzzzzzzzzzzzzzz>; HiZ drive
v0000022b0d5fe630_0 .net "pc_in", 31 0, o0000022b0d5b55e8;  0 drivers
v0000022b0d5fed10_0 .var "pc_out", 31 0;
o0000022b0d5b5648 .functor BUFZ 1, C4<z>; HiZ drive
v0000022b0d5fe6d0_0 .net "reset", 0 0, o0000022b0d5b5648;  0 drivers
o0000022b0d5b5678 .functor BUFZ 1, C4<z>; HiZ drive
v0000022b0d5fde10_0 .net "rotate_signal_in", 0 0, o0000022b0d5b5678;  0 drivers
v0000022b0d5fdf50_0 .var "rotate_signal_out", 0 0;
o0000022b0d5b56d8 .functor BUFZ 1, C4<z>; HiZ drive
v0000022b0d607970_0 .net "switch_cache_w_in", 0 0, o0000022b0d5b56d8;  0 drivers
v0000022b0d6076f0_0 .var "switch_cache_w_out", 0 0;
o0000022b0d5b5738 .functor BUFZ 5, C4<zzzzz>; HiZ drive
v0000022b0d607e70_0 .net "write_address_in", 4 0, o0000022b0d5b5738;  0 drivers
v0000022b0d607790_0 .var "write_address_out", 4 0;
o0000022b0d5b5798 .functor BUFZ 1, C4<z>; HiZ drive
v0000022b0d608730_0 .net "write_reg_en_in", 0 0, o0000022b0d5b5798;  0 drivers
v0000022b0d607650_0 .var "write_reg_en_out", 0 0;
E_0000022b0d59ae70 .event posedge, v0000022b0d5fe6d0_0, v0000022b0d5fd960_0;
    .scope S_0000022b0d572ce0;
T_0 ;
    %wait E_0000022b0d59ae70;
    %load/vec4 v0000022b0d5fe6d0_0;
    %flag_set/vec4 8;
    %jmp/0xz  T_0.0, 8;
    %pushi/vec4 0, 0, 1;
    %assign/vec4 v0000022b0d6076f0_0, 0;
    %pushi/vec4 0, 0, 1;
    %assign/vec4 v0000022b0d5fdf50_0, 0;
    %pushi/vec4 0, 0, 1;
    %assign/vec4 v0000022b0d5fe130_0, 0;
    %pushi/vec4 0, 0, 1;
    %assign/vec4 v0000022b0d5fe4f0_0, 0;
    %pushi/vec4 0, 0, 1;
    %assign/vec4 v0000022b0d5fe950_0, 0;
    %pushi/vec4 0, 0, 1;
    %assign/vec4 v0000022b0d5febd0_0, 0;
    %pushi/vec4 0, 0, 1;
    %assign/vec4 v0000022b0d607650_0, 0;
    %pushi/vec4 0, 0, 1;
    %assign/vec4 v0000022b0d5fdaa0_0, 0;
    %pushi/vec4 0, 0, 1;
    %assign/vec4 v0000022b0d5fdbe0_0, 0;
    %pushi/vec4 0, 0, 1;
    %assign/vec4 v0000022b0d5fd820_0, 0;
    %pushi/vec4 0, 0, 1;
    %assign/vec4 v0000022b0d5feb30_0, 0;
    %pushi/vec4 0, 0, 3;
    %assign/vec4 v0000022b0d573080_0, 0;
    %pushi/vec4 0, 0, 3;
    %assign/vec4 v0000022b0d5fe310_0, 0;
    %pushi/vec4 0, 0, 32;
    %assign/vec4 v0000022b0d5fec70_0, 0;
    %pushi/vec4 0, 0, 32;
    %assign/vec4 v0000022b0d5fed10_0, 0;
    %pushi/vec4 0, 0, 32;
    %assign/vec4 v0000022b0d5fdd20_0, 0;
    %pushi/vec4 0, 0, 32;
    %assign/vec4 v0000022b0d5fe810_0, 0;
    %pushi/vec4 0, 0, 32;
    %assign/vec4 v0000022b0d5fea90_0, 0;
    %pushi/vec4 0, 0, 5;
    %assign/vec4 v0000022b0d607790_0, 0;
    %jmp T_0.1;
T_0.0 ;
    %load/vec4 v0000022b0d5a4f30_0;
    %flag_set/vec4 8;
    %jmp/0xz  T_0.2, 8;
    %pushi/vec4 0, 0, 1;
    %assign/vec4 v0000022b0d5fdf50_0, 0;
    %pushi/vec4 0, 0, 1;
    %assign/vec4 v0000022b0d5fe130_0, 0;
    %pushi/vec4 0, 0, 1;
    %assign/vec4 v0000022b0d5fe4f0_0, 0;
    %pushi/vec4 0, 0, 1;
    %assign/vec4 v0000022b0d5fe950_0, 0;
    %pushi/vec4 0, 0, 1;
    %assign/vec4 v0000022b0d5febd0_0, 0;
    %pushi/vec4 0, 0, 1;
    %assign/vec4 v0000022b0d607650_0, 0;
    %pushi/vec4 0, 0, 1;
    %assign/vec4 v0000022b0d5fdaa0_0, 0;
    %pushi/vec4 0, 0, 1;
    %assign/vec4 v0000022b0d5fdbe0_0, 0;
    %pushi/vec4 0, 0, 1;
    %assign/vec4 v0000022b0d5fd820_0, 0;
    %pushi/vec4 0, 0, 1;
    %assign/vec4 v0000022b0d5feb30_0, 0;
    %pushi/vec4 0, 0, 3;
    %assign/vec4 v0000022b0d573080_0, 0;
    %pushi/vec4 0, 0, 3;
    %assign/vec4 v0000022b0d5fe310_0, 0;
    %pushi/vec4 0, 0, 32;
    %assign/vec4 v0000022b0d5fec70_0, 0;
    %pushi/vec4 0, 0, 32;
    %assign/vec4 v0000022b0d5fed10_0, 0;
    %pushi/vec4 0, 0, 32;
    %assign/vec4 v0000022b0d5fdd20_0, 0;
    %pushi/vec4 0, 0, 32;
    %assign/vec4 v0000022b0d5fe810_0, 0;
    %pushi/vec4 0, 0, 32;
    %assign/vec4 v0000022b0d5fea90_0, 0;
    %pushi/vec4 0, 0, 5;
    %assign/vec4 v0000022b0d607790_0, 0;
    %jmp T_0.3;
T_0.2 ;
    %load/vec4 v0000022b0d5fd8c0_0;
    %nor/r;
    %flag_set/vec4 8;
    %jmp/0xz  T_0.4, 8;
    %load/vec4 v0000022b0d607970_0;
    %assign/vec4 v0000022b0d6076f0_0, 0;
    %load/vec4 v0000022b0d5fde10_0;
    %assign/vec4 v0000022b0d5fdf50_0, 0;
    %load/vec4 v0000022b0d5fe450_0;
    %assign/vec4 v0000022b0d5fe130_0, 0;
    %load/vec4 v0000022b0d5fe8b0_0;
    %assign/vec4 v0000022b0d5fe4f0_0, 0;
    %load/vec4 v0000022b0d5fe1d0_0;
    %assign/vec4 v0000022b0d5fe950_0, 0;
    %load/vec4 v0000022b0d5fdeb0_0;
    %assign/vec4 v0000022b0d5febd0_0, 0;
    %load/vec4 v0000022b0d608730_0;
    %assign/vec4 v0000022b0d607650_0, 0;
    %load/vec4 v0000022b0d5fda00_0;
    %assign/vec4 v0000022b0d5fdaa0_0, 0;
    %load/vec4 v0000022b0d5fdb40_0;
    %assign/vec4 v0000022b0d5fdbe0_0, 0;
    %load/vec4 v0000022b0d5a4e90_0;
    %assign/vec4 v0000022b0d5fd820_0, 0;
    %load/vec4 v0000022b0d5fe770_0;
    %assign/vec4 v0000022b0d5feb30_0, 0;
    %load/vec4 v0000022b0d5fe9f0_0;
    %assign/vec4 v0000022b0d5fec70_0, 0;
    %load/vec4 v0000022b0d5fe630_0;
    %assign/vec4 v0000022b0d5fed10_0, 0;
    %load/vec4 v0000022b0d5fdc80_0;
    %assign/vec4 v0000022b0d5fdd20_0, 0;
    %load/vec4 v0000022b0d5fdff0_0;
    %assign/vec4 v0000022b0d5fe810_0, 0;
    %load/vec4 v0000022b0d5fe3b0_0;
    %assign/vec4 v0000022b0d5fea90_0, 0;
    %load/vec4 v0000022b0d5fe590_0;
    %assign/vec4 v0000022b0d5fe090_0, 0;
    %load/vec4 v0000022b0d607e70_0;
    %assign/vec4 v0000022b0d607790_0, 0;
    %load/vec4 v0000022b0d572fe0_0;
    %assign/vec4 v0000022b0d573080_0, 0;
    %load/vec4 v0000022b0d5fe270_0;
    %assign/vec4 v0000022b0d5fe310_0, 0;
T_0.4 ;
T_0.3 ;
T_0.1 ;
    %jmp T_0;
    .thread T_0;
# The file index is used to find the file name in the following table.
:file_names 3;
    "N/A";
    "<interactive>";
    "ID.v";
