#! /c/Source/iverilog-install/bin/vvp
:ivl_version "12.0 (devel)" "(s20150603-1110-g18392a46)";
:ivl_delay_selection "TYPICAL";
:vpi_time_precision + 0;
:vpi_module "C:\iverilog\lib\ivl\system.vpi";
:vpi_module "C:\iverilog\lib\ivl\vhdl_sys.vpi";
:vpi_module "C:\iverilog\lib\ivl\vhdl_textio.vpi";
:vpi_module "C:\iverilog\lib\ivl\v2005_math.vpi";
:vpi_module "C:\iverilog\lib\ivl\va_math.vpi";
S_000002a239d52830 .scope module, "IF" "IF" 2 1;
 .timescale 0 0;
    .port_info 0 /INPUT 32 "pc_in";
    .port_info 1 /INPUT 32 "pc_4_in";
    .port_info 2 /INPUT 32 "instration_in";
    .port_info 3 /INPUT 1 "reset";
    .port_info 4 /INPUT 1 "hazard_rest";
    .port_info 5 /INPUT 1 "clk";
    .port_info 6 /INPUT 1 "busywait";
    .port_info 7 /INPUT 1 "branch_jump_signal";
    .port_info 8 /INPUT 1 "hold";
    .port_info 9 /INPUT 1 "busywait_imem";
    .port_info 10 /OUTPUT 32 "pc_out";
    .port_info 11 /OUTPUT 32 "pc_4_out";
    .port_info 12 /OUTPUT 32 "instration_out";
o000002a239d89f98 .functor BUFZ 1, C4<z>; HiZ drive
v000002a239d52aa0_0 .net "branch_jump_signal", 0 0, o000002a239d89f98;  0 drivers
o000002a239d89fc8 .functor BUFZ 1, C4<z>; HiZ drive
v000002a239d52b40_0 .net "busywait", 0 0, o000002a239d89fc8;  0 drivers
o000002a239d89ff8 .functor BUFZ 1, C4<z>; HiZ drive
v000002a239e4bad0_0 .net "busywait_imem", 0 0, o000002a239d89ff8;  0 drivers
o000002a239d8a028 .functor BUFZ 1, C4<z>; HiZ drive
v000002a239e4bb70_0 .net "clk", 0 0, o000002a239d8a028;  0 drivers
o000002a239d8a058 .functor BUFZ 1, C4<z>; HiZ drive
v000002a239e4bc10_0 .net "hazard_rest", 0 0, o000002a239d8a058;  0 drivers
o000002a239d8a088 .functor BUFZ 1, C4<z>; HiZ drive
v000002a239e4bcb0_0 .net "hold", 0 0, o000002a239d8a088;  0 drivers
o000002a239d8a0b8 .functor BUFZ 32, C4<zzzzzzzzzzzzzzzzzzzzzzzzzzzzzzzz>; HiZ drive
v000002a239e4bd50_0 .net "instration_in", 31 0, o000002a239d8a0b8;  0 drivers
v000002a239e4bdf0_0 .var "instration_out", 31 0;
o000002a239d8a118 .functor BUFZ 32, C4<zzzzzzzzzzzzzzzzzzzzzzzzzzzzzzzz>; HiZ drive
v000002a239d83950_0 .net "pc_4_in", 31 0, o000002a239d8a118;  0 drivers
v000002a239d839f0_0 .var "pc_4_out", 31 0;
o000002a239d8a178 .functor BUFZ 32, C4<zzzzzzzzzzzzzzzzzzzzzzzzzzzzzzzz>; HiZ drive
v000002a239d83a90_0 .net "pc_in", 31 0, o000002a239d8a178;  0 drivers
v000002a239d83b30_0 .var "pc_out", 31 0;
o000002a239d8a1d8 .functor BUFZ 1, C4<z>; HiZ drive
v000002a239d83bd0_0 .net "reset", 0 0, o000002a239d8a1d8;  0 drivers
E_000002a239e48c20 .event posedge, v000002a239d83bd0_0, v000002a239e4bb70_0;
    .scope S_000002a239d52830;
T_0 ;
    %wait E_000002a239e48c20;
    %load/vec4 v000002a239d83bd0_0;
    %flag_set/vec4 8;
    %jmp/0xz  T_0.0, 8;
    %pushi/vec4 0, 0, 32;
    %assign/vec4 v000002a239d83b30_0, 0;
    %pushi/vec4 0, 0, 32;
    %assign/vec4 v000002a239d839f0_0, 0;
    %pushi/vec4 0, 0, 32;
    %assign/vec4 v000002a239e4bdf0_0, 0;
    %jmp T_0.1;
T_0.0 ;
    %load/vec4 v000002a239e4bc10_0;
    %flag_set/vec4 8;
    %jmp/0xz  T_0.2, 8;
    %pushi/vec4 0, 0, 32;
    %assign/vec4 v000002a239d83b30_0, 0;
    %pushi/vec4 0, 0, 32;
    %assign/vec4 v000002a239d839f0_0, 0;
    %pushi/vec4 0, 0, 32;
    %assign/vec4 v000002a239e4bdf0_0, 0;
    %jmp T_0.3;
T_0.2 ;
    %load/vec4 v000002a239d52aa0_0;
    %flag_set/vec4 8;
    %jmp/0xz  T_0.4, 8;
    %pushi/vec4 0, 0, 32;
    %assign/vec4 v000002a239d83b30_0, 0;
    %pushi/vec4 0, 0, 32;
    %assign/vec4 v000002a239d839f0_0, 0;
    %pushi/vec4 0, 0, 32;
    %assign/vec4 v000002a239e4bdf0_0, 0;
    %jmp T_0.5;
T_0.4 ;
    %load/vec4 v000002a239d52b40_0;
    %nor/r;
    %load/vec4 v000002a239e4bcb0_0;
    %pushi/vec4 0, 0, 1;
    %cmp/e;
    %flag_get/vec4 4;
    %and;
    %load/vec4 v000002a239e4bad0_0;
    %nor/r;
    %and;
    %flag_set/vec4 8;
    %jmp/0xz  T_0.6, 8;
    %load/vec4 v000002a239d83a90_0;
    %assign/vec4 v000002a239d83b30_0, 0;
    %load/vec4 v000002a239d83950_0;
    %assign/vec4 v000002a239d839f0_0, 0;
    %load/vec4 v000002a239e4bd50_0;
    %assign/vec4 v000002a239e4bdf0_0, 0;
T_0.6 ;
T_0.5 ;
T_0.3 ;
T_0.1 ;
    %load/vec4 v000002a239e4bad0_0;
    %flag_set/vec4 8;
    %jmp/0xz  T_0.8, 8;
    %pushi/vec4 0, 0, 32;
    %assign/vec4 v000002a239e4bdf0_0, 0;
T_0.8 ;
    %jmp T_0;
    .thread T_0;
# The file index is used to find the file name in the following table.
:file_names 3;
    "N/A";
    "<interactive>";
    "IF.v";
