#! /c/Source/iverilog-install/bin/vvp
:ivl_version "12.0 (devel)" "(s20150603-1110-g18392a46)";
:ivl_delay_selection "TYPICAL";
:vpi_time_precision - 10;
:vpi_module "C:\iverilog\lib\ivl\system.vpi";
:vpi_module "C:\iverilog\lib\ivl\vhdl_sys.vpi";
:vpi_module "C:\iverilog\lib\ivl\vhdl_textio.vpi";
:vpi_module "C:\iverilog\lib\ivl\v2005_math.vpi";
:vpi_module "C:\iverilog\lib\ivl\va_math.vpi";
S_0000020e9efa6c60 .scope module, "dcache" "dcache" 2 4;
 .timescale -9 -10;
    .port_info 0 /INPUT 1 "clock";
    .port_info 1 /INPUT 1 "reset";
    .port_info 2 /INPUT 1 "read";
    .port_info 3 /INPUT 1 "write";
    .port_info 4 /INPUT 32 "address";
    .port_info 5 /INPUT 32 "writedata";
    .port_info 6 /OUTPUT 32 "readdata";
    .port_info 7 /OUTPUT 1 "busywait";
    .port_info 8 /OUTPUT 1 "mem_read";
    .port_info 9 /OUTPUT 1 "mem_write";
    .port_info 10 /OUTPUT 28 "mem_address";
    .port_info 11 /OUTPUT 128 "mem_writedata";
    .port_info 12 /INPUT 128 "mem_readdata";
    .port_info 13 /INPUT 1 "mem_busywait";
P_0000020e9efa6df0 .param/l "CACHE_WRITE" 0 2 162, C4<011>;
P_0000020e9efa6e28 .param/l "IDLE" 0 2 162, C4<000>;
P_0000020e9efa6e60 .param/l "MEM_READ" 0 2 162, C4<001>;
P_0000020e9efa6e98 .param/l "MEM_WRITE" 0 2 162, C4<010>;
L_0000020e9eeb0d60 .functor BUFZ 1, L_0000020e9ef181b0, C4<0>, C4<0>, C4<0>;
L_0000020e9eeb04a0 .functor BUFZ 1, L_0000020e9ef19290, C4<0>, C4<0>, C4<0>;
v0000020e9eebe470_0 .net *"_ivl_0", 0 0, L_0000020e9ef181b0;  1 drivers
v0000020e9eebeab0_0 .net *"_ivl_10", 0 0, L_0000020e9ef19290;  1 drivers
v0000020e9eebee70_0 .net *"_ivl_13", 2 0, L_0000020e9ef19330;  1 drivers
v0000020e9eebebf0_0 .net *"_ivl_14", 4 0, L_0000020e9ef18d90;  1 drivers
L_0000020e9efb00d0 .functor BUFT 1, C4<00>, C4<0>, C4<0>, C4<0>;
v0000020e9eebf2d0_0 .net *"_ivl_17", 1 0, L_0000020e9efb00d0;  1 drivers
v0000020e9eebe6f0_0 .net *"_ivl_3", 2 0, L_0000020e9ef18390;  1 drivers
v0000020e9eebed30_0 .net *"_ivl_4", 4 0, L_0000020e9ef19150;  1 drivers
L_0000020e9efb0088 .functor BUFT 1, C4<00>, C4<0>, C4<0>, C4<0>;
v0000020e9eebe970_0 .net *"_ivl_7", 1 0, L_0000020e9efb0088;  1 drivers
o0000020e9eebf5b8 .functor BUFZ 32, C4<zzzzzzzzzzzzzzzzzzzzzzzzzzzzzzzz>; HiZ drive
v0000020e9eebefb0_0 .net "address", 31 0, o0000020e9eebf5b8;  0 drivers
v0000020e9eebec90_0 .var "busywait", 0 0;
o0000020e9eebf618 .functor BUFZ 1, C4<z>; HiZ drive
v0000020e9eebedd0_0 .net "clock", 0 0, o0000020e9eebf618;  0 drivers
v0000020e9eebe790_0 .net "dirty", 0 0, L_0000020e9eeb04a0;  1 drivers
v0000020e9eebef10 .array "dirty_bits", 7 0, 0 0;
v0000020e9eebf050_0 .var "hit", 0 0;
v0000020e9eebe830_0 .var/i "i", 31 0;
v0000020e9eebf0f0_0 .var "mem_address", 27 0;
o0000020e9eebf708 .functor BUFZ 1, C4<z>; HiZ drive
v0000020e9eebf230_0 .net "mem_busywait", 0 0, o0000020e9eebf708;  0 drivers
v0000020e9eebf190_0 .var "mem_read", 0 0;
o0000020e9eebf768 .functor BUFZ 128, C4<zzzzzzzzzzzzzzzzzzzzzzzzzzzzzzzzzzzzzzzzzzzzzzzzzzzzzzzzzzzzzzzzzzzzzzzzzzzzzzzzzzzzzzzzzzzzzzzzzzzzzzzzzzzzzzzzzzzzzzzzzzzzzzzz>; HiZ drive
v0000020e9eebe8d0_0 .net "mem_readdata", 127 0, o0000020e9eebf768;  0 drivers
v0000020e9eebea10_0 .var "mem_write", 0 0;
v0000020e9eebf370_0 .var "mem_writedata", 127 0;
v0000020e9eebe510_0 .var "next_state", 2 0;
o0000020e9eebf828 .functor BUFZ 1, C4<z>; HiZ drive
v0000020e9eebe5b0_0 .net "read", 0 0, o0000020e9eebf828;  0 drivers
v0000020e9eebe650_0 .var "readdata", 31 0;
o0000020e9eebf888 .functor BUFZ 1, C4<z>; HiZ drive
v0000020e9ef18110_0 .net "reset", 0 0, o0000020e9eebf888;  0 drivers
v0000020e9ef18a70_0 .var "state", 2 0;
v0000020e9ef19ab0 .array "tags", 7 0, 24 0;
v0000020e9ef184d0_0 .net "valid", 0 0, L_0000020e9eeb0d60;  1 drivers
v0000020e9ef18070 .array "valid_bits", 7 0, 0 0;
v0000020e9ef18bb0 .array "word", 15 0, 31 0;
o0000020e9eebfd98 .functor BUFZ 1, C4<z>; HiZ drive
v0000020e9ef19510_0 .net "write", 0 0, o0000020e9eebfd98;  0 drivers
v0000020e9ef18c50_0 .var "write_from_mem", 0 0;
o0000020e9eebfdf8 .functor BUFZ 32, C4<zzzzzzzzzzzzzzzzzzzzzzzzzzzzzzzz>; HiZ drive
v0000020e9ef18cf0_0 .net "writedata", 31 0, o0000020e9eebfdf8;  0 drivers
E_0000020e9eeb8b70/0 .event negedge, v0000020e9eebedd0_0;
E_0000020e9eeb8b70/1 .event posedge, v0000020e9ef18110_0;
E_0000020e9eeb8b70 .event/or E_0000020e9eeb8b70/0, E_0000020e9eeb8b70/1;
v0000020e9ef19ab0_0 .array/port v0000020e9ef19ab0, 0;
v0000020e9ef19ab0_1 .array/port v0000020e9ef19ab0, 1;
E_0000020e9eeb8bf0/0 .event anyedge, v0000020e9ef18a70_0, v0000020e9eebefb0_0, v0000020e9ef19ab0_0, v0000020e9ef19ab0_1;
v0000020e9ef19ab0_2 .array/port v0000020e9ef19ab0, 2;
v0000020e9ef19ab0_3 .array/port v0000020e9ef19ab0, 3;
v0000020e9ef19ab0_4 .array/port v0000020e9ef19ab0, 4;
v0000020e9ef19ab0_5 .array/port v0000020e9ef19ab0, 5;
E_0000020e9eeb8bf0/1 .event anyedge, v0000020e9ef19ab0_2, v0000020e9ef19ab0_3, v0000020e9ef19ab0_4, v0000020e9ef19ab0_5;
v0000020e9ef19ab0_6 .array/port v0000020e9ef19ab0, 6;
v0000020e9ef19ab0_7 .array/port v0000020e9ef19ab0, 7;
v0000020e9ef18bb0_0 .array/port v0000020e9ef18bb0, 0;
v0000020e9ef18bb0_1 .array/port v0000020e9ef18bb0, 1;
E_0000020e9eeb8bf0/2 .event anyedge, v0000020e9ef19ab0_6, v0000020e9ef19ab0_7, v0000020e9ef18bb0_0, v0000020e9ef18bb0_1;
v0000020e9ef18bb0_2 .array/port v0000020e9ef18bb0, 2;
v0000020e9ef18bb0_3 .array/port v0000020e9ef18bb0, 3;
v0000020e9ef18bb0_4 .array/port v0000020e9ef18bb0, 4;
v0000020e9ef18bb0_5 .array/port v0000020e9ef18bb0, 5;
E_0000020e9eeb8bf0/3 .event anyedge, v0000020e9ef18bb0_2, v0000020e9ef18bb0_3, v0000020e9ef18bb0_4, v0000020e9ef18bb0_5;
v0000020e9ef18bb0_6 .array/port v0000020e9ef18bb0, 6;
v0000020e9ef18bb0_7 .array/port v0000020e9ef18bb0, 7;
v0000020e9ef18bb0_8 .array/port v0000020e9ef18bb0, 8;
v0000020e9ef18bb0_9 .array/port v0000020e9ef18bb0, 9;
E_0000020e9eeb8bf0/4 .event anyedge, v0000020e9ef18bb0_6, v0000020e9ef18bb0_7, v0000020e9ef18bb0_8, v0000020e9ef18bb0_9;
v0000020e9ef18bb0_10 .array/port v0000020e9ef18bb0, 10;
v0000020e9ef18bb0_11 .array/port v0000020e9ef18bb0, 11;
v0000020e9ef18bb0_12 .array/port v0000020e9ef18bb0, 12;
v0000020e9ef18bb0_13 .array/port v0000020e9ef18bb0, 13;
E_0000020e9eeb8bf0/5 .event anyedge, v0000020e9ef18bb0_10, v0000020e9ef18bb0_11, v0000020e9ef18bb0_12, v0000020e9ef18bb0_13;
v0000020e9ef18bb0_14 .array/port v0000020e9ef18bb0, 14;
v0000020e9ef18bb0_15 .array/port v0000020e9ef18bb0, 15;
E_0000020e9eeb8bf0/6 .event anyedge, v0000020e9ef18bb0_14, v0000020e9ef18bb0_15;
E_0000020e9eeb8bf0 .event/or E_0000020e9eeb8bf0/0, E_0000020e9eeb8bf0/1, E_0000020e9eeb8bf0/2, E_0000020e9eeb8bf0/3, E_0000020e9eeb8bf0/4, E_0000020e9eeb8bf0/5, E_0000020e9eeb8bf0/6;
E_0000020e9eeb83b0/0 .event anyedge, v0000020e9ef18a70_0, v0000020e9eebe5b0_0, v0000020e9ef19510_0, v0000020e9eebe790_0;
E_0000020e9eeb83b0/1 .event anyedge, v0000020e9eebf050_0, v0000020e9eebf230_0;
E_0000020e9eeb83b0 .event/or E_0000020e9eeb83b0/0, E_0000020e9eeb83b0/1;
E_0000020e9eeb8c30/0 .event anyedge, v0000020e9eebefb0_0, v0000020e9ef19ab0_0, v0000020e9ef19ab0_1, v0000020e9ef19ab0_2;
E_0000020e9eeb8c30/1 .event anyedge, v0000020e9ef19ab0_3, v0000020e9ef19ab0_4, v0000020e9ef19ab0_5, v0000020e9ef19ab0_6;
E_0000020e9eeb8c30/2 .event anyedge, v0000020e9ef19ab0_7, v0000020e9ef184d0_0;
E_0000020e9eeb8c30 .event/or E_0000020e9eeb8c30/0, E_0000020e9eeb8c30/1, E_0000020e9eeb8c30/2;
E_0000020e9eeb8d30/0 .event anyedge, v0000020e9ef184d0_0, v0000020e9eebefb0_0, v0000020e9ef18bb0_0, v0000020e9ef18bb0_1;
E_0000020e9eeb8d30/1 .event anyedge, v0000020e9ef18bb0_2, v0000020e9ef18bb0_3, v0000020e9ef18bb0_4, v0000020e9ef18bb0_5;
E_0000020e9eeb8d30/2 .event anyedge, v0000020e9ef18bb0_6, v0000020e9ef18bb0_7, v0000020e9ef18bb0_8, v0000020e9ef18bb0_9;
E_0000020e9eeb8d30/3 .event anyedge, v0000020e9ef18bb0_10, v0000020e9ef18bb0_11, v0000020e9ef18bb0_12, v0000020e9ef18bb0_13;
E_0000020e9eeb8d30/4 .event anyedge, v0000020e9ef18bb0_14, v0000020e9ef18bb0_15;
E_0000020e9eeb8d30 .event/or E_0000020e9eeb8d30/0, E_0000020e9eeb8d30/1, E_0000020e9eeb8d30/2, E_0000020e9eeb8d30/3, E_0000020e9eeb8d30/4;
E_0000020e9eeb83f0/0 .event anyedge, v0000020e9ef18bb0_0, v0000020e9ef18bb0_1, v0000020e9ef18bb0_2, v0000020e9ef18bb0_3;
E_0000020e9eeb83f0/1 .event anyedge, v0000020e9ef18bb0_4, v0000020e9ef18bb0_5, v0000020e9ef18bb0_6, v0000020e9ef18bb0_7;
E_0000020e9eeb83f0/2 .event anyedge, v0000020e9ef18bb0_8, v0000020e9ef18bb0_9, v0000020e9ef18bb0_10, v0000020e9ef18bb0_11;
E_0000020e9eeb83f0/3 .event anyedge, v0000020e9ef18bb0_12, v0000020e9ef18bb0_13, v0000020e9ef18bb0_14, v0000020e9ef18bb0_15;
E_0000020e9eeb83f0 .event/or E_0000020e9eeb83f0/0, E_0000020e9eeb83f0/1, E_0000020e9eeb83f0/2, E_0000020e9eeb83f0/3;
L_0000020e9ef181b0 .array/port v0000020e9ef18070, L_0000020e9ef19150;
L_0000020e9ef18390 .part o0000020e9eebf5b8, 4, 3;
L_0000020e9ef19150 .concat [ 3 2 0 0], L_0000020e9ef18390, L_0000020e9efb0088;
L_0000020e9ef19290 .array/port v0000020e9eebef10, L_0000020e9ef18d90;
L_0000020e9ef19330 .part o0000020e9eebf5b8, 4, 3;
L_0000020e9ef18d90 .concat [ 3 2 0 0], L_0000020e9ef19330, L_0000020e9efb00d0;
    .scope S_0000020e9efa6c60;
T_0 ;
    %wait E_0000020e9eeb83f0;
    %ix/load 4, 0, 0;
    %flag_set/imm 4, 0;
    %load/vec4a v0000020e9ef18bb0, 4;
    %ix/load 4, 1, 0;
    %flag_set/imm 4, 0;
    %load/vec4a v0000020e9ef18bb0, 4;
    %concat/vec4; draw_concat_vec4
    %ix/load 4, 2, 0;
    %flag_set/imm 4, 0;
    %load/vec4a v0000020e9ef18bb0, 4;
    %concat/vec4; draw_concat_vec4
    %ix/load 4, 3, 0;
    %flag_set/imm 4, 0;
    %load/vec4a v0000020e9ef18bb0, 4;
    %concat/vec4; draw_concat_vec4
    %vpi_call 2 44 "$display", S<0,vec4,u128> {1 0 0};
    %ix/load 4, 4, 0;
    %flag_set/imm 4, 0;
    %load/vec4a v0000020e9ef18bb0, 4;
    %ix/load 4, 5, 0;
    %flag_set/imm 4, 0;
    %load/vec4a v0000020e9ef18bb0, 4;
    %concat/vec4; draw_concat_vec4
    %ix/load 4, 6, 0;
    %flag_set/imm 4, 0;
    %load/vec4a v0000020e9ef18bb0, 4;
    %concat/vec4; draw_concat_vec4
    %ix/load 4, 7, 0;
    %flag_set/imm 4, 0;
    %load/vec4a v0000020e9ef18bb0, 4;
    %concat/vec4; draw_concat_vec4
    %vpi_call 2 45 "$display", S<0,vec4,u128> {1 0 0};
    %ix/load 4, 8, 0;
    %flag_set/imm 4, 0;
    %load/vec4a v0000020e9ef18bb0, 4;
    %ix/load 4, 9, 0;
    %flag_set/imm 4, 0;
    %load/vec4a v0000020e9ef18bb0, 4;
    %concat/vec4; draw_concat_vec4
    %ix/load 4, 10, 0;
    %flag_set/imm 4, 0;
    %load/vec4a v0000020e9ef18bb0, 4;
    %concat/vec4; draw_concat_vec4
    %ix/load 4, 11, 0;
    %flag_set/imm 4, 0;
    %load/vec4a v0000020e9ef18bb0, 4;
    %concat/vec4; draw_concat_vec4
    %vpi_call 2 46 "$display", S<0,vec4,u128> {1 0 0};
    %ix/load 4, 12, 0;
    %flag_set/imm 4, 0;
    %load/vec4a v0000020e9ef18bb0, 4;
    %ix/load 4, 13, 0;
    %flag_set/imm 4, 0;
    %load/vec4a v0000020e9ef18bb0, 4;
    %concat/vec4; draw_concat_vec4
    %ix/load 4, 14, 0;
    %flag_set/imm 4, 0;
    %load/vec4a v0000020e9ef18bb0, 4;
    %concat/vec4; draw_concat_vec4
    %ix/load 4, 15, 0;
    %flag_set/imm 4, 0;
    %load/vec4a v0000020e9ef18bb0, 4;
    %concat/vec4; draw_concat_vec4
    %vpi_call 2 47 "$display", S<0,vec4,u128> {1 0 0};
    %jmp T_0;
    .thread T_0, $push;
    .scope S_0000020e9efa6c60;
T_1 ;
    %wait E_0000020e9eeb8d30;
    %load/vec4 v0000020e9ef184d0_0;
    %flag_set/vec4 8;
    %jmp/0xz  T_1.0, 8;
    %load/vec4 v0000020e9eebefb0_0;
    %parti/s 2, 2, 3;
    %dup/vec4;
    %pushi/vec4 0, 0, 2;
    %cmp/u;
    %jmp/1 T_1.2, 6;
    %dup/vec4;
    %pushi/vec4 1, 0, 2;
    %cmp/u;
    %jmp/1 T_1.3, 6;
    %dup/vec4;
    %pushi/vec4 2, 0, 2;
    %cmp/u;
    %jmp/1 T_1.4, 6;
    %dup/vec4;
    %pushi/vec4 3, 0, 2;
    %cmp/u;
    %jmp/1 T_1.5, 6;
    %jmp T_1.6;
T_1.2 ;
    %load/vec4 v0000020e9eebefb0_0;
    %parti/s 3, 4, 4;
    %pad/u 7;
    %pad/u 9;
    %muli 4, 0, 9;
    %ix/vec4 4;
    %load/vec4a v0000020e9ef18bb0, 4;
    %store/vec4 v0000020e9eebe650_0, 0, 32;
    %jmp T_1.6;
T_1.3 ;
    %load/vec4 v0000020e9eebefb0_0;
    %parti/s 3, 4, 4;
    %pad/u 7;
    %pad/u 9;
    %muli 4, 0, 9;
    %pad/u 10;
    %pushi/vec4 1, 0, 2;
    %pad/s 10;
    %add;
    %ix/vec4 4;
    %load/vec4a v0000020e9ef18bb0, 4;
    %store/vec4 v0000020e9eebe650_0, 0, 32;
    %jmp T_1.6;
T_1.4 ;
    %load/vec4 v0000020e9eebefb0_0;
    %parti/s 3, 4, 4;
    %pad/u 7;
    %pad/u 9;
    %muli 4, 0, 9;
    %pad/u 10;
    %pushi/vec4 2, 0, 3;
    %pad/s 10;
    %add;
    %ix/vec4 4;
    %load/vec4a v0000020e9ef18bb0, 4;
    %store/vec4 v0000020e9eebe650_0, 0, 32;
    %jmp T_1.6;
T_1.5 ;
    %load/vec4 v0000020e9eebefb0_0;
    %parti/s 3, 4, 4;
    %pad/u 7;
    %pad/u 9;
    %muli 4, 0, 9;
    %pad/u 10;
    %pushi/vec4 3, 0, 3;
    %pad/s 10;
    %add;
    %ix/vec4 4;
    %load/vec4a v0000020e9ef18bb0, 4;
    %store/vec4 v0000020e9eebe650_0, 0, 32;
    %jmp T_1.6;
T_1.6 ;
    %pop/vec4 1;
T_1.0 ;
    %jmp T_1;
    .thread T_1, $push;
    .scope S_0000020e9efa6c60;
T_2 ;
    %wait E_0000020e9eeb8c30;
    %load/vec4 v0000020e9eebefb0_0;
    %parti/s 3, 4, 4;
    %pad/u 5;
    %ix/vec4 4;
    %load/vec4a v0000020e9ef19ab0, 4;
    %load/vec4 v0000020e9eebefb0_0;
    %parti/s 25, 7, 4;
    %cmp/e;
    %flag_get/vec4 4;
    %load/vec4 v0000020e9ef184d0_0;
    %and;
    %flag_set/vec4 8;
    %jmp/0xz  T_2.0, 8;
    %pushi/vec4 1, 0, 1;
    %assign/vec4 v0000020e9eebf050_0, 0;
    %jmp T_2.1;
T_2.0 ;
    %pushi/vec4 0, 0, 1;
    %assign/vec4 v0000020e9eebf050_0, 0;
T_2.1 ;
    %jmp T_2;
    .thread T_2, $push;
    .scope S_0000020e9efa6c60;
T_3 ;
    %wait E_0000020e9eeb8b70;
    %load/vec4 v0000020e9ef18110_0;
    %flag_set/vec4 8;
    %jmp/0xz  T_3.0, 8;
    %pushi/vec4 0, 0, 32;
    %store/vec4 v0000020e9eebe830_0, 0, 32;
T_3.2 ;
    %load/vec4 v0000020e9eebe830_0;
    %cmpi/s 8, 0, 32;
    %jmp/0xz T_3.3, 5;
    %pushi/vec4 0, 0, 1;
    %ix/getv/s 3, v0000020e9eebe830_0;
    %ix/load 4, 0, 0; Constant delay
    %assign/vec4/a/d v0000020e9ef18070, 0, 4;
    %load/vec4 v0000020e9eebe830_0;
    %addi 1, 0, 32;
    %store/vec4 v0000020e9eebe830_0, 0, 32;
    %jmp T_3.2;
T_3.3 ;
    %pushi/vec4 0, 0, 32;
    %store/vec4 v0000020e9eebe830_0, 0, 32;
T_3.4 ;
    %load/vec4 v0000020e9eebe830_0;
    %cmpi/s 8, 0, 32;
    %jmp/0xz T_3.5, 5;
    %pushi/vec4 0, 0, 1;
    %ix/getv/s 3, v0000020e9eebe830_0;
    %ix/load 4, 0, 0; Constant delay
    %assign/vec4/a/d v0000020e9eebef10, 0, 4;
    %load/vec4 v0000020e9eebe830_0;
    %addi 1, 0, 32;
    %store/vec4 v0000020e9eebe830_0, 0, 32;
    %jmp T_3.4;
T_3.5 ;
    %jmp T_3.1;
T_3.0 ;
    %load/vec4 v0000020e9eebf050_0;
    %load/vec4 v0000020e9ef19510_0;
    %and;
    %flag_set/vec4 8;
    %jmp/0xz  T_3.6, 8;
    %pushi/vec4 1, 0, 1;
    %load/vec4 v0000020e9eebefb0_0;
    %parti/s 3, 4, 4;
    %pad/u 5;
    %ix/vec4 3;
    %ix/load 4, 0, 0; Constant delay
    %assign/vec4/a/d v0000020e9eebef10, 0, 4;
    %pushi/vec4 1, 0, 1;
    %load/vec4 v0000020e9eebefb0_0;
    %parti/s 3, 4, 4;
    %pad/u 5;
    %ix/vec4 3;
    %ix/load 4, 0, 0; Constant delay
    %assign/vec4/a/d v0000020e9ef18070, 0, 4;
    %load/vec4 v0000020e9ef18cf0_0;
    %load/vec4 v0000020e9eebefb0_0;
    %parti/s 3, 4, 4;
    %pad/u 7;
    %pad/u 9;
    %muli 4, 0, 9;
    %pad/u 10;
    %load/vec4 v0000020e9eebefb0_0;
    %parti/s 2, 2, 3;
    %pad/u 4;
    %pad/u 10;
    %add;
    %ix/vec4 3;
    %ix/load 4, 0, 0; Constant delay
    %assign/vec4/a/d v0000020e9ef18bb0, 0, 4;
    %jmp T_3.7;
T_3.6 ;
    %load/vec4 v0000020e9ef18c50_0;
    %load/vec4 v0000020e9eebe5b0_0;
    %and;
    %flag_set/vec4 8;
    %jmp/0xz  T_3.8, 8;
    %pushi/vec4 0, 0, 1;
    %load/vec4 v0000020e9eebefb0_0;
    %parti/s 3, 4, 4;
    %pad/u 5;
    %ix/vec4 3;
    %ix/load 4, 0, 0; Constant delay
    %assign/vec4/a/d v0000020e9eebef10, 0, 4;
    %pushi/vec4 1, 0, 1;
    %load/vec4 v0000020e9eebefb0_0;
    %parti/s 3, 4, 4;
    %pad/u 5;
    %ix/vec4 3;
    %ix/load 4, 0, 0; Constant delay
    %assign/vec4/a/d v0000020e9ef18070, 0, 4;
    %load/vec4 v0000020e9eebefb0_0;
    %parti/s 25, 7, 4;
    %load/vec4 v0000020e9eebefb0_0;
    %parti/s 3, 4, 4;
    %pad/u 5;
    %ix/vec4 3;
    %ix/load 4, 0, 0; Constant delay
    %assign/vec4/a/d v0000020e9ef19ab0, 0, 4;
    %load/vec4 v0000020e9eebe8d0_0;
    %split/vec4 32;
    %load/vec4 v0000020e9eebefb0_0;
    %parti/s 3, 4, 4;
    %pad/u 7;
    %pad/u 9;
    %muli 4, 0, 9;
    %ix/vec4 3;
    %ix/load 4, 0, 0; Constant delay
    %assign/vec4/a/d v0000020e9ef18bb0, 0, 4;
    %split/vec4 32;
    %load/vec4 v0000020e9eebefb0_0;
    %parti/s 3, 4, 4;
    %pad/u 7;
    %pad/u 9;
    %muli 4, 0, 9;
    %pad/u 10;
    %pushi/vec4 1, 0, 2;
    %pad/s 10;
    %add;
    %ix/vec4 3;
    %ix/load 4, 0, 0; Constant delay
    %assign/vec4/a/d v0000020e9ef18bb0, 0, 4;
    %split/vec4 32;
    %load/vec4 v0000020e9eebefb0_0;
    %parti/s 3, 4, 4;
    %pad/u 7;
    %pad/u 9;
    %muli 4, 0, 9;
    %pad/u 10;
    %pushi/vec4 2, 0, 3;
    %pad/s 10;
    %add;
    %ix/vec4 3;
    %ix/load 4, 0, 0; Constant delay
    %assign/vec4/a/d v0000020e9ef18bb0, 0, 4;
    %load/vec4 v0000020e9eebefb0_0;
    %parti/s 3, 4, 4;
    %pad/u 7;
    %pad/u 9;
    %muli 4, 0, 9;
    %pad/u 10;
    %pushi/vec4 3, 0, 3;
    %pad/s 10;
    %add;
    %ix/vec4 3;
    %ix/load 4, 0, 0; Constant delay
    %assign/vec4/a/d v0000020e9ef18bb0, 0, 4;
    %jmp T_3.9;
T_3.8 ;
    %load/vec4 v0000020e9ef18c50_0;
    %load/vec4 v0000020e9ef19510_0;
    %and;
    %flag_set/vec4 8;
    %jmp/0xz  T_3.10, 8;
    %pushi/vec4 1, 0, 1;
    %load/vec4 v0000020e9eebefb0_0;
    %parti/s 3, 4, 4;
    %pad/u 5;
    %ix/vec4 3;
    %ix/load 4, 0, 0; Constant delay
    %assign/vec4/a/d v0000020e9eebef10, 0, 4;
    %pushi/vec4 1, 0, 1;
    %load/vec4 v0000020e9eebefb0_0;
    %parti/s 3, 4, 4;
    %pad/u 5;
    %ix/vec4 3;
    %ix/load 4, 0, 0; Constant delay
    %assign/vec4/a/d v0000020e9ef18070, 0, 4;
    %load/vec4 v0000020e9eebefb0_0;
    %parti/s 25, 7, 4;
    %load/vec4 v0000020e9eebefb0_0;
    %parti/s 3, 4, 4;
    %pad/u 5;
    %ix/vec4 3;
    %ix/load 4, 0, 0; Constant delay
    %assign/vec4/a/d v0000020e9ef19ab0, 0, 4;
    %load/vec4 v0000020e9eebefb0_0;
    %parti/s 2, 2, 3;
    %dup/vec4;
    %pushi/vec4 0, 0, 2;
    %cmp/u;
    %jmp/1 T_3.12, 6;
    %dup/vec4;
    %pushi/vec4 1, 0, 2;
    %cmp/u;
    %jmp/1 T_3.13, 6;
    %dup/vec4;
    %pushi/vec4 2, 0, 2;
    %cmp/u;
    %jmp/1 T_3.14, 6;
    %dup/vec4;
    %pushi/vec4 3, 0, 2;
    %cmp/u;
    %jmp/1 T_3.15, 6;
    %jmp T_3.16;
T_3.12 ;
    %load/vec4 v0000020e9eebe8d0_0;
    %parti/s 96, 32, 7;
    %split/vec4 32;
    %load/vec4 v0000020e9eebefb0_0;
    %parti/s 3, 4, 4;
    %pad/u 7;
    %pad/u 9;
    %muli 4, 0, 9;
    %pad/u 10;
    %pushi/vec4 1, 0, 2;
    %pad/s 10;
    %add;
    %ix/vec4 3;
    %ix/load 4, 0, 0; Constant delay
    %assign/vec4/a/d v0000020e9ef18bb0, 0, 4;
    %split/vec4 32;
    %load/vec4 v0000020e9eebefb0_0;
    %parti/s 3, 4, 4;
    %pad/u 7;
    %pad/u 9;
    %muli 4, 0, 9;
    %pad/u 10;
    %pushi/vec4 2, 0, 3;
    %pad/s 10;
    %add;
    %ix/vec4 3;
    %ix/load 4, 0, 0; Constant delay
    %assign/vec4/a/d v0000020e9ef18bb0, 0, 4;
    %load/vec4 v0000020e9eebefb0_0;
    %parti/s 3, 4, 4;
    %pad/u 7;
    %pad/u 9;
    %muli 4, 0, 9;
    %pad/u 10;
    %pushi/vec4 3, 0, 3;
    %pad/s 10;
    %add;
    %ix/vec4 3;
    %ix/load 4, 0, 0; Constant delay
    %assign/vec4/a/d v0000020e9ef18bb0, 0, 4;
    %load/vec4 v0000020e9ef18cf0_0;
    %load/vec4 v0000020e9eebefb0_0;
    %parti/s 3, 4, 4;
    %pad/u 7;
    %pad/u 9;
    %muli 4, 0, 9;
    %pad/u 10;
    %load/vec4 v0000020e9eebefb0_0;
    %parti/s 2, 2, 3;
    %pad/u 4;
    %pad/u 10;
    %add;
    %ix/vec4 3;
    %ix/load 4, 0, 0; Constant delay
    %assign/vec4/a/d v0000020e9ef18bb0, 0, 4;
    %jmp T_3.16;
T_3.13 ;
    %load/vec4 v0000020e9eebe8d0_0;
    %parti/s 64, 64, 8;
    %load/vec4 v0000020e9eebe8d0_0;
    %parti/s 32, 0, 2;
    %concat/vec4; draw_concat_vec4
    %split/vec4 32;
    %load/vec4 v0000020e9eebefb0_0;
    %parti/s 3, 4, 4;
    %pad/u 7;
    %pad/u 9;
    %muli 4, 0, 9;
    %ix/vec4 3;
    %ix/load 4, 0, 0; Constant delay
    %assign/vec4/a/d v0000020e9ef18bb0, 0, 4;
    %split/vec4 32;
    %load/vec4 v0000020e9eebefb0_0;
    %parti/s 3, 4, 4;
    %pad/u 7;
    %pad/u 9;
    %muli 4, 0, 9;
    %pad/u 10;
    %pushi/vec4 2, 0, 3;
    %pad/s 10;
    %add;
    %ix/vec4 3;
    %ix/load 4, 0, 0; Constant delay
    %assign/vec4/a/d v0000020e9ef18bb0, 0, 4;
    %load/vec4 v0000020e9eebefb0_0;
    %parti/s 3, 4, 4;
    %pad/u 7;
    %pad/u 9;
    %muli 4, 0, 9;
    %pad/u 10;
    %pushi/vec4 3, 0, 3;
    %pad/s 10;
    %add;
    %ix/vec4 3;
    %ix/load 4, 0, 0; Constant delay
    %assign/vec4/a/d v0000020e9ef18bb0, 0, 4;
    %load/vec4 v0000020e9ef18cf0_0;
    %load/vec4 v0000020e9eebefb0_0;
    %parti/s 3, 4, 4;
    %pad/u 7;
    %pad/u 9;
    %muli 4, 0, 9;
    %pad/u 10;
    %load/vec4 v0000020e9eebefb0_0;
    %parti/s 2, 2, 3;
    %pad/u 4;
    %pad/u 10;
    %add;
    %ix/vec4 3;
    %ix/load 4, 0, 0; Constant delay
    %assign/vec4/a/d v0000020e9ef18bb0, 0, 4;
    %jmp T_3.16;
T_3.14 ;
    %load/vec4 v0000020e9eebe8d0_0;
    %parti/s 32, 96, 8;
    %load/vec4 v0000020e9eebe8d0_0;
    %parti/s 64, 0, 2;
    %concat/vec4; draw_concat_vec4
    %split/vec4 32;
    %load/vec4 v0000020e9eebefb0_0;
    %parti/s 3, 4, 4;
    %pad/u 7;
    %pad/u 9;
    %muli 4, 0, 9;
    %ix/vec4 3;
    %ix/load 4, 0, 0; Constant delay
    %assign/vec4/a/d v0000020e9ef18bb0, 0, 4;
    %split/vec4 32;
    %load/vec4 v0000020e9eebefb0_0;
    %parti/s 3, 4, 4;
    %pad/u 7;
    %pad/u 9;
    %muli 4, 0, 9;
    %pad/u 10;
    %pushi/vec4 1, 0, 2;
    %pad/s 10;
    %add;
    %ix/vec4 3;
    %ix/load 4, 0, 0; Constant delay
    %assign/vec4/a/d v0000020e9ef18bb0, 0, 4;
    %load/vec4 v0000020e9eebefb0_0;
    %parti/s 3, 4, 4;
    %pad/u 7;
    %pad/u 9;
    %muli 4, 0, 9;
    %pad/u 10;
    %pushi/vec4 3, 0, 3;
    %pad/s 10;
    %add;
    %ix/vec4 3;
    %ix/load 4, 0, 0; Constant delay
    %assign/vec4/a/d v0000020e9ef18bb0, 0, 4;
    %load/vec4 v0000020e9ef18cf0_0;
    %load/vec4 v0000020e9eebefb0_0;
    %parti/s 3, 4, 4;
    %pad/u 7;
    %pad/u 9;
    %muli 4, 0, 9;
    %pad/u 10;
    %load/vec4 v0000020e9eebefb0_0;
    %parti/s 2, 2, 3;
    %pad/u 4;
    %pad/u 10;
    %add;
    %ix/vec4 3;
    %ix/load 4, 0, 0; Constant delay
    %assign/vec4/a/d v0000020e9ef18bb0, 0, 4;
    %jmp T_3.16;
T_3.15 ;
    %load/vec4 v0000020e9eebe8d0_0;
    %parti/s 96, 0, 2;
    %split/vec4 32;
    %load/vec4 v0000020e9eebefb0_0;
    %parti/s 3, 4, 4;
    %pad/u 7;
    %pad/u 9;
    %muli 4, 0, 9;
    %ix/vec4 3;
    %ix/load 4, 0, 0; Constant delay
    %assign/vec4/a/d v0000020e9ef18bb0, 0, 4;
    %split/vec4 32;
    %load/vec4 v0000020e9eebefb0_0;
    %parti/s 3, 4, 4;
    %pad/u 7;
    %pad/u 9;
    %muli 4, 0, 9;
    %pad/u 10;
    %pushi/vec4 1, 0, 2;
    %pad/s 10;
    %add;
    %ix/vec4 3;
    %ix/load 4, 0, 0; Constant delay
    %assign/vec4/a/d v0000020e9ef18bb0, 0, 4;
    %load/vec4 v0000020e9eebefb0_0;
    %parti/s 3, 4, 4;
    %pad/u 7;
    %pad/u 9;
    %muli 4, 0, 9;
    %pad/u 10;
    %pushi/vec4 2, 0, 3;
    %pad/s 10;
    %add;
    %ix/vec4 3;
    %ix/load 4, 0, 0; Constant delay
    %assign/vec4/a/d v0000020e9ef18bb0, 0, 4;
    %load/vec4 v0000020e9ef18cf0_0;
    %load/vec4 v0000020e9eebefb0_0;
    %parti/s 3, 4, 4;
    %pad/u 7;
    %pad/u 9;
    %muli 4, 0, 9;
    %pad/u 10;
    %load/vec4 v0000020e9eebefb0_0;
    %parti/s 2, 2, 3;
    %pad/u 4;
    %pad/u 10;
    %add;
    %ix/vec4 3;
    %ix/load 4, 0, 0; Constant delay
    %assign/vec4/a/d v0000020e9ef18bb0, 0, 4;
    %jmp T_3.16;
T_3.16 ;
    %pop/vec4 1;
T_3.10 ;
T_3.9 ;
T_3.7 ;
T_3.1 ;
    %jmp T_3;
    .thread T_3;
    .scope S_0000020e9efa6c60;
T_4 ;
    %wait E_0000020e9eeb83b0;
    %load/vec4 v0000020e9ef18a70_0;
    %dup/vec4;
    %pushi/vec4 0, 0, 3;
    %cmp/u;
    %jmp/1 T_4.0, 6;
    %dup/vec4;
    %pushi/vec4 1, 0, 3;
    %cmp/u;
    %jmp/1 T_4.1, 6;
    %dup/vec4;
    %pushi/vec4 3, 0, 3;
    %cmp/u;
    %jmp/1 T_4.2, 6;
    %dup/vec4;
    %pushi/vec4 2, 0, 3;
    %cmp/u;
    %jmp/1 T_4.3, 6;
    %jmp T_4.4;
T_4.0 ;
    %load/vec4 v0000020e9eebe5b0_0;
    %load/vec4 v0000020e9ef19510_0;
    %or;
    %load/vec4 v0000020e9eebe790_0;
    %nor/r;
    %and;
    %load/vec4 v0000020e9eebf050_0;
    %nor/r;
    %and;
    %flag_set/vec4 8;
    %jmp/0xz  T_4.5, 8;
    %pushi/vec4 1, 0, 3;
    %assign/vec4 v0000020e9eebe510_0, 0;
    %jmp T_4.6;
T_4.5 ;
    %load/vec4 v0000020e9eebe5b0_0;
    %load/vec4 v0000020e9ef19510_0;
    %or;
    %load/vec4 v0000020e9eebe790_0;
    %and;
    %load/vec4 v0000020e9eebf050_0;
    %nor/r;
    %and;
    %flag_set/vec4 8;
    %jmp/0xz  T_4.7, 8;
    %pushi/vec4 2, 0, 3;
    %assign/vec4 v0000020e9eebe510_0, 0;
    %jmp T_4.8;
T_4.7 ;
    %pushi/vec4 0, 0, 3;
    %assign/vec4 v0000020e9eebe510_0, 0;
T_4.8 ;
T_4.6 ;
    %jmp T_4.4;
T_4.1 ;
    %load/vec4 v0000020e9eebf230_0;
    %nor/r;
    %flag_set/vec4 8;
    %jmp/0xz  T_4.9, 8;
    %pushi/vec4 3, 0, 3;
    %assign/vec4 v0000020e9eebe510_0, 0;
    %jmp T_4.10;
T_4.9 ;
    %pushi/vec4 1, 0, 3;
    %assign/vec4 v0000020e9eebe510_0, 0;
T_4.10 ;
    %jmp T_4.4;
T_4.2 ;
    %pushi/vec4 0, 0, 3;
    %assign/vec4 v0000020e9eebe510_0, 0;
    %jmp T_4.4;
T_4.3 ;
    %load/vec4 v0000020e9eebf230_0;
    %nor/r;
    %flag_set/vec4 8;
    %jmp/0xz  T_4.11, 8;
    %pushi/vec4 1, 0, 3;
    %assign/vec4 v0000020e9eebe510_0, 0;
    %jmp T_4.12;
T_4.11 ;
    %pushi/vec4 2, 0, 3;
    %assign/vec4 v0000020e9eebe510_0, 0;
T_4.12 ;
    %jmp T_4.4;
T_4.4 ;
    %pop/vec4 1;
    %jmp T_4;
    .thread T_4, $push;
    .scope S_0000020e9efa6c60;
T_5 ;
    %wait E_0000020e9eeb8bf0;
    %load/vec4 v0000020e9ef18a70_0;
    %dup/vec4;
    %pushi/vec4 0, 0, 3;
    %cmp/u;
    %jmp/1 T_5.0, 6;
    %dup/vec4;
    %pushi/vec4 1, 0, 3;
    %cmp/u;
    %jmp/1 T_5.1, 6;
    %dup/vec4;
    %pushi/vec4 3, 0, 3;
    %cmp/u;
    %jmp/1 T_5.2, 6;
    %dup/vec4;
    %pushi/vec4 2, 0, 3;
    %cmp/u;
    %jmp/1 T_5.3, 6;
    %jmp T_5.4;
T_5.0 ;
    %pushi/vec4 0, 0, 1;
    %assign/vec4 v0000020e9eebf190_0, 0;
    %pushi/vec4 0, 0, 1;
    %assign/vec4 v0000020e9eebea10_0, 0;
    %pushi/vec4 0, 0, 1;
    %assign/vec4 v0000020e9eebec90_0, 0;
    %pushi/vec4 0, 0, 1;
    %assign/vec4 v0000020e9ef18c50_0, 0;
    %jmp T_5.4;
T_5.1 ;
    %pushi/vec4 1, 0, 1;
    %assign/vec4 v0000020e9eebf190_0, 0;
    %pushi/vec4 0, 0, 1;
    %assign/vec4 v0000020e9eebea10_0, 0;
    %load/vec4 v0000020e9eebefb0_0;
    %parti/s 28, 4, 4;
    %assign/vec4 v0000020e9eebf0f0_0, 0;
    %pushi/vec4 1, 0, 1;
    %assign/vec4 v0000020e9eebec90_0, 0;
    %pushi/vec4 0, 0, 1;
    %assign/vec4 v0000020e9ef18c50_0, 0;
    %jmp T_5.4;
T_5.2 ;
    %pushi/vec4 0, 0, 1;
    %assign/vec4 v0000020e9eebf190_0, 0;
    %pushi/vec4 0, 0, 1;
    %assign/vec4 v0000020e9eebea10_0, 0;
    %pushi/vec4 1, 0, 1;
    %assign/vec4 v0000020e9eebec90_0, 0;
    %pushi/vec4 1, 0, 1;
    %assign/vec4 v0000020e9ef18c50_0, 0;
    %jmp T_5.4;
T_5.3 ;
    %pushi/vec4 0, 0, 1;
    %assign/vec4 v0000020e9eebf190_0, 0;
    %pushi/vec4 1, 0, 1;
    %assign/vec4 v0000020e9eebea10_0, 0;
    %load/vec4 v0000020e9eebefb0_0;
    %parti/s 3, 4, 4;
    %pad/u 5;
    %ix/vec4 4;
    %load/vec4a v0000020e9ef19ab0, 4;
    %load/vec4 v0000020e9eebefb0_0;
    %parti/s 3, 4, 4;
    %concat/vec4; draw_concat_vec4
    %assign/vec4 v0000020e9eebf0f0_0, 0;
    %load/vec4 v0000020e9eebefb0_0;
    %parti/s 3, 4, 4;
    %pad/u 7;
    %pad/u 9;
    %muli 4, 0, 9;
    %pad/u 10;
    %pushi/vec4 3, 0, 3;
    %pad/s 10;
    %add;
    %ix/vec4 4;
    %load/vec4a v0000020e9ef18bb0, 4;
    %load/vec4 v0000020e9eebefb0_0;
    %parti/s 3, 4, 4;
    %pad/u 7;
    %pad/u 9;
    %muli 4, 0, 9;
    %pad/u 10;
    %pushi/vec4 2, 0, 3;
    %pad/s 10;
    %add;
    %ix/vec4 4;
    %load/vec4a v0000020e9ef18bb0, 4;
    %concat/vec4; draw_concat_vec4
    %load/vec4 v0000020e9eebefb0_0;
    %parti/s 3, 4, 4;
    %pad/u 7;
    %pad/u 9;
    %muli 4, 0, 9;
    %pad/u 10;
    %pushi/vec4 1, 0, 2;
    %pad/s 10;
    %add;
    %ix/vec4 4;
    %load/vec4a v0000020e9ef18bb0, 4;
    %concat/vec4; draw_concat_vec4
    %load/vec4 v0000020e9eebefb0_0;
    %parti/s 3, 4, 4;
    %pad/u 7;
    %pad/u 9;
    %muli 4, 0, 9;
    %ix/vec4 4;
    %load/vec4a v0000020e9ef18bb0, 4;
    %concat/vec4; draw_concat_vec4
    %assign/vec4 v0000020e9eebf370_0, 0;
    %pushi/vec4 1, 0, 1;
    %assign/vec4 v0000020e9eebec90_0, 0;
    %pushi/vec4 0, 0, 1;
    %assign/vec4 v0000020e9ef18c50_0, 0;
    %jmp T_5.4;
T_5.4 ;
    %pop/vec4 1;
    %jmp T_5;
    .thread T_5, $push;
    .scope S_0000020e9efa6c60;
T_6 ;
    %wait E_0000020e9eeb8b70;
    %load/vec4 v0000020e9ef18110_0;
    %flag_set/vec4 8;
    %jmp/0xz  T_6.0, 8;
    %pushi/vec4 0, 0, 3;
    %assign/vec4 v0000020e9ef18a70_0, 0;
    %jmp T_6.1;
T_6.0 ;
    %load/vec4 v0000020e9eebe510_0;
    %assign/vec4 v0000020e9ef18a70_0, 0;
T_6.1 ;
    %jmp T_6;
    .thread T_6;
# The file index is used to find the file name in the following table.
:file_names 3;
    "N/A";
    "<interactive>";
    "dcache.v";
