#! /c/Source/iverilog-install/bin/vvp
:ivl_version "12.0 (devel)" "(s20150603-1539-g2693dd32b)";
:ivl_delay_selection "TYPICAL";
:vpi_time_precision + 0;
:vpi_module "C:\iverilog\lib\ivl\system.vpi";
:vpi_module "C:\iverilog\lib\ivl\vhdl_sys.vpi";
:vpi_module "C:\iverilog\lib\ivl\vhdl_textio.vpi";
:vpi_module "C:\iverilog\lib\ivl\v2005_math.vpi";
:vpi_module "C:\iverilog\lib\ivl\va_math.vpi";
S_0000020638792ce0 .scope module, "data_memory" "data_memory" 2 1;
 .timescale 0 0;
    .port_info 0 /INPUT 1 "clock";
    .port_info 1 /INPUT 1 "reset";
    .port_info 2 /INPUT 1 "read";
    .port_info 3 /INPUT 1 "write";
    .port_info 4 /INPUT 28 "address";
    .port_info 5 /INPUT 128 "writedata";
    .port_info 6 /OUTPUT 128 "readdata";
    .port_info 7 /OUTPUT 1 "busywait";
o00000206387cafd8 .functor BUFZ 28, C4<zzzzzzzzzzzzzzzzzzzzzzzzzzzz>; HiZ drive
v0000020638793360_0 .net "address", 27 0, o00000206387cafd8;  0 drivers
v0000020638792e70_0 .var "busywait", 0 0;
o00000206387cb038 .functor BUFZ 1, C4<z>; HiZ drive
v0000020638792f10_0 .net "clock", 0 0, o00000206387cb038;  0 drivers
v0000020638792fb0_0 .var "counter", 3 0;
v0000020638793050 .array "memory_array", 0 4095, 7 0;
o00000206387cb098 .functor BUFZ 1, C4<z>; HiZ drive
v00000206387930f0_0 .net "read", 0 0, o00000206387cb098;  0 drivers
v000002063880d840_0 .var "readaccess", 0 0;
v000002063880d8e0_0 .var "readdata", 127 0;
o00000206387cb128 .functor BUFZ 1, C4<z>; HiZ drive
v000002063880d980_0 .net "reset", 0 0, o00000206387cb128;  0 drivers
v000002063880da20_0 .var "temp_readdata", 127 0;
v000002063880dac0_0 .var "temp_writedata", 127 0;
o00000206387cb1b8 .functor BUFZ 1, C4<z>; HiZ drive
v000002063880db60_0 .net "write", 0 0, o00000206387cb1b8;  0 drivers
v000002063880dc00_0 .var "writeaccess", 0 0;
o00000206387cb218 .functor BUFZ 128, C4<zzzzzzzzzzzzzzzzzzzzzzzzzzzzzzzzzzzzzzzzzzzzzzzzzzzzzzzzzzzzzzzzzzzzzzzzzzzzzzzzzzzzzzzzzzzzzzzzzzzzzzzzzzzzzzzzzzzzzzzzzzzzzzzz>; HiZ drive
v0000020638815cb0_0 .net "writedata", 127 0, o00000206387cb218;  0 drivers
E_00000206387c74c0 .event posedge, v000002063880d980_0, v0000020638792f10_0;
E_00000206387c7c40 .event anyedge, v00000206387930f0_0, v000002063880db60_0, v0000020638792fb0_0;
    .scope S_0000020638792ce0;
T_0 ;
    %wait E_00000206387c7c40;
    %load/vec4 v00000206387930f0_0;
    %flag_set/vec4 9;
    %jmp/1 T_0.3, 9;
    %load/vec4 v000002063880db60_0;
    %flag_set/vec4 10;
    %flag_or 9, 10;
T_0.3;
    %flag_get/vec4 9;
    %jmp/0 T_0.2, 9;
    %load/vec4 v0000020638792fb0_0;
    %pushi/vec4 15, 0, 4;
    %cmp/ne;
    %flag_get/vec4 4;
    %and;
T_0.2;
    %flag_set/vec4 8;
    %jmp/0 T_0.0, 8;
    %pushi/vec4 1, 0, 2;
    %jmp/1 T_0.1, 8;
T_0.0 ; End of true expr.
    %pushi/vec4 0, 0, 2;
    %jmp/0 T_0.1, 8;
 ; End of false expr.
    %blend;
T_0.1;
    %pad/s 1;
    %assign/vec4 v0000020638792e70_0, 0;
    %load/vec4 v00000206387930f0_0;
    %flag_set/vec4 9;
    %flag_get/vec4 9;
    %jmp/0 T_0.6, 9;
    %load/vec4 v000002063880db60_0;
    %nor/r;
    %and;
T_0.6;
    %flag_set/vec4 8;
    %jmp/0 T_0.4, 8;
    %pushi/vec4 1, 0, 1;
    %jmp/1 T_0.5, 8;
T_0.4 ; End of true expr.
    %pushi/vec4 0, 0, 1;
    %jmp/0 T_0.5, 8;
 ; End of false expr.
    %blend;
T_0.5;
    %assign/vec4 v000002063880d840_0, 0;
    %load/vec4 v00000206387930f0_0;
    %nor/r;
    %flag_set/vec4 9;
    %flag_get/vec4 9;
    %jmp/0 T_0.9, 9;
    %load/vec4 v000002063880db60_0;
    %and;
T_0.9;
    %flag_set/vec4 8;
    %jmp/0 T_0.7, 8;
    %pushi/vec4 1, 0, 1;
    %jmp/1 T_0.8, 8;
T_0.7 ; End of true expr.
    %pushi/vec4 0, 0, 1;
    %jmp/0 T_0.8, 8;
 ; End of false expr.
    %blend;
T_0.8;
    %assign/vec4 v000002063880dc00_0, 0;
    %jmp T_0;
    .thread T_0, $push;
    .scope S_0000020638792ce0;
T_1 ;
    %wait E_00000206387c74c0;
    %load/vec4 v000002063880d980_0;
    %flag_set/vec4 8;
    %jmp/0xz  T_1.0, 8;
    %pushi/vec4 0, 0, 4;
    %assign/vec4 v0000020638792fb0_0, 0;
    %jmp T_1.1;
T_1.0 ;
    %load/vec4 v000002063880d840_0;
    %flag_set/vec4 8;
    %jmp/1 T_1.4, 8;
    %load/vec4 v000002063880dc00_0;
    %flag_set/vec4 9;
    %flag_or 8, 9;
T_1.4;
    %jmp/0xz  T_1.2, 8;
    %load/vec4 v0000020638792fb0_0;
    %addi 1, 0, 4;
    %assign/vec4 v0000020638792fb0_0, 0;
T_1.2 ;
T_1.1 ;
    %jmp T_1;
    .thread T_1;
    .scope S_0000020638792ce0;
T_2 ;
    %wait E_00000206387c74c0;
    %load/vec4 v000002063880d840_0;
    %flag_set/vec4 8;
    %jmp/0xz  T_2.0, 8;
    %load/vec4 v0000020638793360_0;
    %load/vec4 v0000020638792fb0_0;
    %concat/vec4; draw_concat_vec4
    %ix/vec4 4;
    %load/vec4a v0000020638793050, 4;
    %ix/getv 4, v0000020638792fb0_0;
    %store/vec4 v000002063880da20_0, 4, 8;
    %load/vec4 v000002063880da20_0;
    %assign/vec4 v000002063880d8e0_0, 0;
    %vpi_call 2 44 "$display", "read %h", v000002063880d8e0_0 {0 0 0};
T_2.0 ;
    %load/vec4 v000002063880dc00_0;
    %flag_set/vec4 8;
    %jmp/0xz  T_2.2, 8;
    %load/vec4 v0000020638815cb0_0;
    %store/vec4 v000002063880dac0_0, 0, 128;
    %load/vec4 v000002063880dac0_0;
    %load/vec4 v0000020638792fb0_0;
    %part/u 8;
    %load/vec4 v0000020638793360_0;
    %load/vec4 v0000020638792fb0_0;
    %concat/vec4; draw_concat_vec4
    %ix/vec4 4;
    %store/vec4a v0000020638793050, 4, 0;
    %load/vec4 v0000020638793360_0;
    %load/vec4 v0000020638792fb0_0;
    %concat/vec4; draw_concat_vec4
    %vpi_call 2 51 "$display", "write %h", S<0,vec4,u32> {1 0 0};
T_2.2 ;
    %jmp T_2;
    .thread T_2;
# The file index is used to find the file name in the following table.
:file_names 3;
    "N/A";
    "<interactive>";
    "dmem_1.v";
