#! /c/Source/iverilog-install/bin/vvp
:ivl_version "12.0 (devel)" "(s20150603-1539-g2693dd32b)";
:ivl_delay_selection "TYPICAL";
:vpi_time_precision + 0;
:vpi_module "C:\iverilog\lib\ivl\system.vpi";
:vpi_module "C:\iverilog\lib\ivl\vhdl_sys.vpi";
:vpi_module "C:\iverilog\lib\ivl\vhdl_textio.vpi";
:vpi_module "C:\iverilog\lib\ivl\v2005_math.vpi";
:vpi_module "C:\iverilog\lib\ivl\va_math.vpi";
S_00000248c07fafe0 .scope module, "MemoryExample" "MemoryExample" 2 1;
 .timescale 0 0;
v00000248c069bd90_0 .var "counter", 3 0;
v00000248c069be30 .array "memory_array", 0 1023, 7 0;
v00000248c069bed0_0 .var "readdata", 127 0;
S_00000248c0622ce0 .scope begin, "$ivl_for_loop0" "$ivl_for_loop0" 2 9, 2 9 0, S_00000248c07fafe0;
 .timescale 0 0;
v00000248c07fb170_0 .var/i "i", 31 0;
S_00000248c0622e70 .scope begin, "$ivl_for_loop1" "$ivl_for_loop1" 2 15, 2 15 0, S_00000248c07fafe0;
 .timescale 0 0;
v00000248c069bcf0_0 .var/i "counter_value", 31 0;
S_00000248c0623000 .scope begin, "$ivl_for_loop2" "$ivl_for_loop2" 2 20, 2 20 0, S_00000248c0622e70;
 .timescale 0 0;
v00000248c069bc50_0 .var/i "i", 31 0;
    .scope S_00000248c07fafe0;
T_0 ;
    %fork t_1, S_00000248c0622ce0;
    %jmp t_0;
    .scope S_00000248c0622ce0;
t_1 ;
    %pushi/vec4 0, 0, 32;
    %store/vec4 v00000248c07fb170_0, 0, 32;
T_0.0 ;
    %load/vec4 v00000248c07fb170_0;
    %cmpi/s 16, 0, 32;
    %jmp/0xz T_0.1, 5;
    %vpi_func 2 10 "$random" 32 {0 0 0};
    %pad/s 8;
    %ix/getv/s 4, v00000248c07fb170_0;
    %store/vec4a v00000248c069be30, 4, 0;
    %vpi_call 2 11 "$display", "%h", &A<v00000248c069be30, v00000248c07fb170_0 > {0 0 0};
    %load/vec4 v00000248c07fb170_0;
    %addi 1, 0, 32;
    %store/vec4 v00000248c07fb170_0, 0, 32;
    %jmp T_0.0;
T_0.1 ;
    %end;
    .scope S_00000248c07fafe0;
t_0 %join;
    %fork t_3, S_00000248c0622e70;
    %jmp t_2;
    .scope S_00000248c0622e70;
t_3 ;
    %pushi/vec4 0, 0, 32;
    %store/vec4 v00000248c069bcf0_0, 0, 32;
T_0.2 ;
    %load/vec4 v00000248c069bcf0_0;
    %cmpi/s 8, 0, 32;
    %jmp/0xz T_0.3, 5;
    %load/vec4 v00000248c069bcf0_0;
    %pad/s 4;
    %store/vec4 v00000248c069bd90_0, 0, 4;
    %fork t_5, S_00000248c0623000;
    %jmp t_4;
    .scope S_00000248c0623000;
t_5 ;
    %pushi/vec4 0, 0, 32;
    %store/vec4 v00000248c069bc50_0, 0, 32;
T_0.4 ;
    %load/vec4 v00000248c069bc50_0;
    %cmpi/s 128, 0, 32;
    %jmp/0xz T_0.5, 5;
    %load/vec4 v00000248c069bd90_0;
    %pad/u 32;
    %muli 128, 0, 32;
    %load/vec4 v00000248c069bc50_0;
    %add;
    %ix/vec4 4;
    %load/vec4a v00000248c069be30, 4;
    %load/vec4 v00000248c069bc50_0;
    %muli 8, 0, 32;
    %ix/vec4/s 4;
    %store/vec4 v00000248c069bed0_0, 4, 8;
    %load/vec4 v00000248c069bc50_0;
    %addi 1, 0, 32;
    %store/vec4 v00000248c069bc50_0, 0, 32;
    %jmp T_0.4;
T_0.5 ;
    %end;
    .scope S_00000248c0622e70;
t_4 %join;
    %vpi_call 2 25 "$display", "Counter = %0d, ReadData = %h", v00000248c069bd90_0, v00000248c069bed0_0 {0 0 0};
    %load/vec4 v00000248c069bcf0_0;
    %addi 1, 0, 32;
    %store/vec4 v00000248c069bcf0_0, 0, 32;
    %jmp T_0.2;
T_0.3 ;
    %end;
    .scope S_00000248c07fafe0;
t_2 %join;
    %vpi_call 2 29 "$finish" {0 0 0};
    %end;
    .thread T_0;
# The file index is used to find the file name in the following table.
:file_names 3;
    "N/A";
    "<interactive>";
    "ex.v";
