#! /c/Source/iverilog-install/bin/vvp
:ivl_version "12.0 (devel)" "(s20150603-1110-g18392a46)";
:ivl_delay_selection "TYPICAL";
:vpi_time_precision + 0;
:vpi_module "C:\iverilog\lib\ivl\system.vpi";
:vpi_module "C:\iverilog\lib\ivl\vhdl_sys.vpi";
:vpi_module "C:\iverilog\lib\ivl\vhdl_textio.vpi";
:vpi_module "C:\iverilog\lib\ivl\v2005_math.vpi";
:vpi_module "C:\iverilog\lib\ivl\va_math.vpi";
S_000001e36d8d69f0 .scope module, "control" "control" 2 1;
 .timescale 0 0;
    .port_info 0 /OUTPUT 1 "switch_cache_w";
    .port_info 1 /OUTPUT 1 "d_mem_r";
    .port_info 2 /OUTPUT 1 "d_mem_w";
    .port_info 3 /OUTPUT 1 "jump";
    .port_info 4 /OUTPUT 1 "branch";
    .port_info 5 /OUTPUT 1 "wrten_reg";
    .port_info 6 /OUTPUT 1 "mux_d_mem";
    .port_info 7 /OUTPUT 2 "mux_result";
    .port_info 8 /OUTPUT 1 "mux_inp_2";
    .port_info 9 /OUTPUT 1 "mux_complmnt";
    .port_info 10 /OUTPUT 1 "mux_inp_1";
    .port_info 11 /OUTPUT 3 "mux_wire_module";
    .port_info 12 /OUTPUT 3 "alu_op";
    .port_info 13 /INPUT 7 "opcode";
    .port_info 14 /INPUT 3 "fun_3";
    .port_info 15 /INPUT 7 "fun_7";
v000001e36d8d6c90_0 .var "alu_op", 2 0;
v000001e36d985030_0 .var "branch", 0 0;
v000001e36d9850d0_0 .var "d_mem_r", 0 0;
v000001e36d985170_0 .var "d_mem_w", 0 0;
o000001e36d938068 .functor BUFZ 3, C4<zzz>; HiZ drive
v000001e36d985210_0 .net "fun_3", 2 0, o000001e36d938068;  0 drivers
o000001e36d938098 .functor BUFZ 7, C4<zzzzzzz>; HiZ drive
v000001e36d9852b0_0 .net "fun_7", 6 0, o000001e36d938098;  0 drivers
v000001e36d985350_0 .var "jump", 0 0;
v000001e36d9853f0_0 .var "mux_complmnt", 0 0;
v000001e36d985490_0 .var "mux_d_mem", 0 0;
v000001e36d985530_0 .var "mux_inp_1", 0 0;
v000001e36d9855d0_0 .var "mux_inp_2", 0 0;
v000001e36d985670_0 .var "mux_result", 1 0;
v000001e36d985710_0 .var "mux_wire_module", 2 0;
o000001e36d938218 .functor BUFZ 7, C4<zzzzzzz>; HiZ drive
v000001e36d9857b0_0 .net "opcode", 6 0, o000001e36d938218;  0 drivers
v000001e36d985850_0 .var "switch_cache_w", 0 0;
v000001e36d9858f0_0 .var "wrten_reg", 0 0;
E_000001e36d91b3b0 .event anyedge, v000001e36d9857b0_0, v000001e36d985210_0, v000001e36d9852b0_0;
    .scope S_000001e36d8d69f0;
T_0 ;
    %wait E_000001e36d91b3b0;
    %load/vec4 v000001e36d9857b0_0;
    %dup/vec4;
    %pushi/vec4 55, 0, 7;
    %cmp/u;
    %jmp/1 T_0.0, 6;
    %dup/vec4;
    %pushi/vec4 23, 0, 7;
    %cmp/u;
    %jmp/1 T_0.1, 6;
    %dup/vec4;
    %pushi/vec4 111, 0, 7;
    %cmp/u;
    %jmp/1 T_0.2, 6;
    %dup/vec4;
    %pushi/vec4 103, 0, 7;
    %cmp/u;
    %jmp/1 T_0.3, 6;
    %dup/vec4;
    %pushi/vec4 99, 0, 7;
    %cmp/u;
    %jmp/1 T_0.4, 6;
    %dup/vec4;
    %pushi/vec4 3, 0, 7;
    %cmp/u;
    %jmp/1 T_0.5, 6;
    %dup/vec4;
    %pushi/vec4 35, 0, 7;
    %cmp/u;
    %jmp/1 T_0.6, 6;
    %dup/vec4;
    %pushi/vec4 19, 0, 7;
    %cmp/u;
    %jmp/1 T_0.7, 6;
    %dup/vec4;
    %pushi/vec4 51, 0, 7;
    %cmp/u;
    %jmp/1 T_0.8, 6;
    %dup/vec4;
    %pushi/vec4 127, 0, 7;
    %cmp/u;
    %jmp/1 T_0.9, 6;
    %pushi/vec4 0, 0, 1;
    %assign/vec4 v000001e36d9850d0_0, 0;
    %pushi/vec4 0, 0, 1;
    %assign/vec4 v000001e36d985170_0, 0;
    %pushi/vec4 0, 0, 1;
    %assign/vec4 v000001e36d985350_0, 0;
    %pushi/vec4 0, 0, 1;
    %assign/vec4 v000001e36d985030_0, 0;
    %pushi/vec4 0, 0, 1;
    %assign/vec4 v000001e36d9858f0_0, 0;
    %pushi/vec4 0, 0, 1;
    %assign/vec4 v000001e36d9853f0_0, 0;
    %pushi/vec4 0, 0, 1;
    %assign/vec4 v000001e36d985490_0, 0;
    %pushi/vec4 0, 0, 2;
    %assign/vec4 v000001e36d985670_0, 0;
    %pushi/vec4 0, 0, 1;
    %assign/vec4 v000001e36d9855d0_0, 0;
    %pushi/vec4 0, 0, 1;
    %assign/vec4 v000001e36d985530_0, 0;
    %pushi/vec4 0, 0, 3;
    %assign/vec4 v000001e36d985710_0, 0;
    %load/vec4 v000001e36d985210_0;
    %assign/vec4 v000001e36d8d6c90_0, 0;
    %pushi/vec4 0, 0, 1;
    %assign/vec4 v000001e36d985850_0, 0;
    %jmp T_0.11;
T_0.0 ;
    %pushi/vec4 0, 0, 1;
    %assign/vec4 v000001e36d9850d0_0, 0;
    %pushi/vec4 0, 0, 1;
    %assign/vec4 v000001e36d985170_0, 0;
    %pushi/vec4 0, 0, 1;
    %assign/vec4 v000001e36d985350_0, 0;
    %pushi/vec4 0, 0, 1;
    %assign/vec4 v000001e36d985030_0, 0;
    %pushi/vec4 1, 0, 1;
    %assign/vec4 v000001e36d9858f0_0, 0;
    %pushi/vec4 0, 0, 1;
    %assign/vec4 v000001e36d9853f0_0, 0;
    %pushi/vec4 1, 0, 1;
    %assign/vec4 v000001e36d985490_0, 0;
    %pushi/vec4 1, 0, 2;
    %assign/vec4 v000001e36d985670_0, 0;
    %pushi/vec4 1, 0, 1;
    %assign/vec4 v000001e36d9855d0_0, 0;
    %pushi/vec4 0, 0, 1;
    %assign/vec4 v000001e36d985530_0, 0;
    %pushi/vec4 3, 0, 3;
    %assign/vec4 v000001e36d985710_0, 0;
    %pushi/vec4 0, 0, 3;
    %assign/vec4 v000001e36d8d6c90_0, 0;
    %pushi/vec4 0, 0, 1;
    %assign/vec4 v000001e36d985850_0, 0;
    %jmp T_0.11;
T_0.1 ;
    %pushi/vec4 0, 0, 1;
    %assign/vec4 v000001e36d9850d0_0, 0;
    %pushi/vec4 0, 0, 1;
    %assign/vec4 v000001e36d985170_0, 0;
    %pushi/vec4 0, 0, 1;
    %assign/vec4 v000001e36d985350_0, 0;
    %pushi/vec4 0, 0, 1;
    %assign/vec4 v000001e36d985030_0, 0;
    %pushi/vec4 1, 0, 1;
    %assign/vec4 v000001e36d9858f0_0, 0;
    %pushi/vec4 0, 0, 1;
    %assign/vec4 v000001e36d9853f0_0, 0;
    %pushi/vec4 1, 0, 1;
    %assign/vec4 v000001e36d985490_0, 0;
    %pushi/vec4 2, 0, 2;
    %assign/vec4 v000001e36d985670_0, 0;
    %pushi/vec4 1, 0, 1;
    %assign/vec4 v000001e36d9855d0_0, 0;
    %pushi/vec4 1, 0, 1;
    %assign/vec4 v000001e36d985530_0, 0;
    %pushi/vec4 3, 0, 3;
    %assign/vec4 v000001e36d985710_0, 0;
    %pushi/vec4 0, 0, 3;
    %assign/vec4 v000001e36d8d6c90_0, 0;
    %pushi/vec4 0, 0, 1;
    %assign/vec4 v000001e36d985850_0, 0;
    %jmp T_0.11;
T_0.2 ;
    %pushi/vec4 0, 0, 1;
    %assign/vec4 v000001e36d9850d0_0, 0;
    %pushi/vec4 0, 0, 1;
    %assign/vec4 v000001e36d985170_0, 0;
    %pushi/vec4 1, 0, 1;
    %assign/vec4 v000001e36d985350_0, 0;
    %pushi/vec4 0, 0, 1;
    %assign/vec4 v000001e36d985030_0, 0;
    %pushi/vec4 1, 0, 1;
    %assign/vec4 v000001e36d9858f0_0, 0;
    %pushi/vec4 0, 0, 1;
    %assign/vec4 v000001e36d9853f0_0, 0;
    %pushi/vec4 1, 0, 1;
    %assign/vec4 v000001e36d985490_0, 0;
    %pushi/vec4 3, 0, 2;
    %assign/vec4 v000001e36d985670_0, 0;
    %pushi/vec4 1, 0, 1;
    %assign/vec4 v000001e36d9855d0_0, 0;
    %pushi/vec4 1, 0, 1;
    %assign/vec4 v000001e36d985530_0, 0;
    %pushi/vec4 1, 0, 3;
    %assign/vec4 v000001e36d985710_0, 0;
    %pushi/vec4 0, 0, 3;
    %assign/vec4 v000001e36d8d6c90_0, 0;
    %pushi/vec4 0, 0, 1;
    %assign/vec4 v000001e36d985850_0, 0;
    %jmp T_0.11;
T_0.3 ;
    %pushi/vec4 0, 0, 1;
    %assign/vec4 v000001e36d9850d0_0, 0;
    %pushi/vec4 0, 0, 1;
    %assign/vec4 v000001e36d985170_0, 0;
    %pushi/vec4 1, 0, 1;
    %assign/vec4 v000001e36d985350_0, 0;
    %pushi/vec4 0, 0, 1;
    %assign/vec4 v000001e36d985030_0, 0;
    %pushi/vec4 1, 0, 1;
    %assign/vec4 v000001e36d9858f0_0, 0;
    %pushi/vec4 0, 0, 1;
    %assign/vec4 v000001e36d9853f0_0, 0;
    %pushi/vec4 1, 0, 1;
    %assign/vec4 v000001e36d985490_0, 0;
    %pushi/vec4 3, 0, 2;
    %assign/vec4 v000001e36d985670_0, 0;
    %pushi/vec4 1, 0, 1;
    %assign/vec4 v000001e36d9855d0_0, 0;
    %pushi/vec4 0, 0, 1;
    %assign/vec4 v000001e36d985530_0, 0;
    %pushi/vec4 4, 0, 3;
    %assign/vec4 v000001e36d985710_0, 0;
    %pushi/vec4 0, 0, 3;
    %assign/vec4 v000001e36d8d6c90_0, 0;
    %pushi/vec4 0, 0, 1;
    %assign/vec4 v000001e36d985850_0, 0;
    %jmp T_0.11;
T_0.4 ;
    %pushi/vec4 0, 0, 1;
    %assign/vec4 v000001e36d9850d0_0, 0;
    %pushi/vec4 0, 0, 1;
    %assign/vec4 v000001e36d985170_0, 0;
    %pushi/vec4 0, 0, 1;
    %assign/vec4 v000001e36d985350_0, 0;
    %pushi/vec4 1, 0, 1;
    %assign/vec4 v000001e36d985030_0, 0;
    %pushi/vec4 0, 0, 1;
    %assign/vec4 v000001e36d9858f0_0, 0;
    %pushi/vec4 1, 0, 1;
    %assign/vec4 v000001e36d9853f0_0, 0;
    %pushi/vec4 0, 0, 1;
    %assign/vec4 v000001e36d985490_0, 0;
    %pushi/vec4 0, 0, 2;
    %assign/vec4 v000001e36d985670_0, 0;
    %pushi/vec4 0, 0, 1;
    %assign/vec4 v000001e36d9855d0_0, 0;
    %pushi/vec4 0, 0, 1;
    %assign/vec4 v000001e36d985530_0, 0;
    %pushi/vec4 0, 0, 3;
    %assign/vec4 v000001e36d985710_0, 0;
    %pushi/vec4 0, 0, 3;
    %assign/vec4 v000001e36d8d6c90_0, 0;
    %pushi/vec4 0, 0, 1;
    %assign/vec4 v000001e36d985850_0, 0;
    %jmp T_0.11;
T_0.5 ;
    %pushi/vec4 1, 0, 1;
    %assign/vec4 v000001e36d9850d0_0, 0;
    %pushi/vec4 0, 0, 1;
    %assign/vec4 v000001e36d985170_0, 0;
    %pushi/vec4 0, 0, 1;
    %assign/vec4 v000001e36d985350_0, 0;
    %pushi/vec4 0, 0, 1;
    %assign/vec4 v000001e36d985030_0, 0;
    %pushi/vec4 1, 0, 1;
    %assign/vec4 v000001e36d9858f0_0, 0;
    %pushi/vec4 0, 0, 1;
    %assign/vec4 v000001e36d9853f0_0, 0;
    %pushi/vec4 0, 0, 1;
    %assign/vec4 v000001e36d985490_0, 0;
    %pushi/vec4 2, 0, 2;
    %assign/vec4 v000001e36d985670_0, 0;
    %pushi/vec4 1, 0, 1;
    %assign/vec4 v000001e36d9855d0_0, 0;
    %pushi/vec4 0, 0, 1;
    %assign/vec4 v000001e36d985530_0, 0;
    %pushi/vec4 4, 0, 3;
    %assign/vec4 v000001e36d985710_0, 0;
    %pushi/vec4 0, 0, 3;
    %assign/vec4 v000001e36d8d6c90_0, 0;
    %pushi/vec4 0, 0, 1;
    %assign/vec4 v000001e36d985850_0, 0;
    %jmp T_0.11;
T_0.6 ;
    %pushi/vec4 0, 0, 1;
    %assign/vec4 v000001e36d9850d0_0, 0;
    %pushi/vec4 1, 0, 1;
    %assign/vec4 v000001e36d985170_0, 0;
    %pushi/vec4 0, 0, 1;
    %assign/vec4 v000001e36d985350_0, 0;
    %pushi/vec4 0, 0, 1;
    %assign/vec4 v000001e36d985030_0, 0;
    %pushi/vec4 0, 0, 1;
    %assign/vec4 v000001e36d9858f0_0, 0;
    %pushi/vec4 0, 0, 1;
    %assign/vec4 v000001e36d9853f0_0, 0;
    %pushi/vec4 0, 0, 1;
    %assign/vec4 v000001e36d985490_0, 0;
    %pushi/vec4 2, 0, 2;
    %assign/vec4 v000001e36d985670_0, 0;
    %pushi/vec4 1, 0, 1;
    %assign/vec4 v000001e36d9855d0_0, 0;
    %pushi/vec4 0, 0, 1;
    %assign/vec4 v000001e36d985530_0, 0;
    %pushi/vec4 2, 0, 3;
    %assign/vec4 v000001e36d985710_0, 0;
    %pushi/vec4 0, 0, 3;
    %assign/vec4 v000001e36d8d6c90_0, 0;
    %pushi/vec4 0, 0, 1;
    %assign/vec4 v000001e36d985850_0, 0;
    %jmp T_0.11;
T_0.7 ;
    %pushi/vec4 0, 0, 1;
    %assign/vec4 v000001e36d9850d0_0, 0;
    %pushi/vec4 0, 0, 1;
    %assign/vec4 v000001e36d985170_0, 0;
    %pushi/vec4 0, 0, 1;
    %assign/vec4 v000001e36d985350_0, 0;
    %pushi/vec4 0, 0, 1;
    %assign/vec4 v000001e36d985030_0, 0;
    %pushi/vec4 1, 0, 1;
    %assign/vec4 v000001e36d9858f0_0, 0;
    %pushi/vec4 0, 0, 1;
    %assign/vec4 v000001e36d9853f0_0, 0;
    %pushi/vec4 1, 0, 1;
    %assign/vec4 v000001e36d985490_0, 0;
    %pushi/vec4 2, 0, 2;
    %assign/vec4 v000001e36d985670_0, 0;
    %pushi/vec4 1, 0, 1;
    %assign/vec4 v000001e36d9855d0_0, 0;
    %pushi/vec4 0, 0, 1;
    %assign/vec4 v000001e36d985530_0, 0;
    %pushi/vec4 4, 0, 3;
    %assign/vec4 v000001e36d985710_0, 0;
    %load/vec4 v000001e36d985210_0;
    %assign/vec4 v000001e36d8d6c90_0, 0;
    %pushi/vec4 0, 0, 1;
    %assign/vec4 v000001e36d985850_0, 0;
    %jmp T_0.11;
T_0.8 ;
    %pushi/vec4 0, 0, 1;
    %assign/vec4 v000001e36d9850d0_0, 0;
    %pushi/vec4 0, 0, 1;
    %assign/vec4 v000001e36d985170_0, 0;
    %pushi/vec4 0, 0, 1;
    %assign/vec4 v000001e36d985350_0, 0;
    %pushi/vec4 0, 0, 1;
    %assign/vec4 v000001e36d985030_0, 0;
    %pushi/vec4 1, 0, 1;
    %assign/vec4 v000001e36d9858f0_0, 0;
    %load/vec4 v000001e36d9852b0_0;
    %parti/s 1, 5, 4;
    %flag_set/vec4 8;
    %jmp/0 T_0.12, 8;
    %pushi/vec4 1, 0, 1;
    %jmp/1 T_0.13, 8;
T_0.12 ; End of true expr.
    %pushi/vec4 0, 0, 1;
    %jmp/0 T_0.13, 8;
 ; End of false expr.
    %blend;
T_0.13;
    %assign/vec4 v000001e36d9853f0_0, 0;
    %pushi/vec4 1, 0, 1;
    %assign/vec4 v000001e36d985490_0, 0;
    %pushi/vec4 2, 0, 2;
    %assign/vec4 v000001e36d985670_0, 0;
    %pushi/vec4 0, 0, 1;
    %assign/vec4 v000001e36d9855d0_0, 0;
    %pushi/vec4 0, 0, 1;
    %assign/vec4 v000001e36d985530_0, 0;
    %pushi/vec4 0, 0, 3;
    %assign/vec4 v000001e36d985710_0, 0;
    %load/vec4 v000001e36d985210_0;
    %assign/vec4 v000001e36d8d6c90_0, 0;
    %pushi/vec4 0, 0, 1;
    %assign/vec4 v000001e36d985850_0, 0;
    %jmp T_0.11;
T_0.9 ;
    %pushi/vec4 0, 0, 1;
    %assign/vec4 v000001e36d9850d0_0, 0;
    %pushi/vec4 0, 0, 1;
    %assign/vec4 v000001e36d985170_0, 0;
    %pushi/vec4 0, 0, 1;
    %assign/vec4 v000001e36d985350_0, 0;
    %pushi/vec4 0, 0, 1;
    %assign/vec4 v000001e36d985030_0, 0;
    %pushi/vec4 0, 0, 1;
    %assign/vec4 v000001e36d9858f0_0, 0;
    %pushi/vec4 1, 0, 1;
    %assign/vec4 v000001e36d985850_0, 0;
    %jmp T_0.11;
T_0.11 ;
    %pop/vec4 1;
    %jmp T_0;
    .thread T_0, $push;
# The file index is used to find the file name in the following table.
:file_names 3;
    "N/A";
    "<interactive>";
    "controller.v";
