#! /c/Source/iverilog-install/bin/vvp
:ivl_version "12.0 (devel)" "(s20150603-1539-g2693dd32b)";
:ivl_delay_selection "TYPICAL";
:vpi_time_precision - 10;
:vpi_module "C:\iverilog\lib\ivl\system.vpi";
:vpi_module "C:\iverilog\lib\ivl\vhdl_sys.vpi";
:vpi_module "C:\iverilog\lib\ivl\vhdl_textio.vpi";
:vpi_module "C:\iverilog\lib\ivl\v2005_math.vpi";
:vpi_module "C:\iverilog\lib\ivl\va_math.vpi";
S_00000279ac020bb0 .scope module, "icache" "icache" 2 5;
 .timescale -9 -10;
    .port_info 0 /INPUT 1 "clock";
    .port_info 1 /INPUT 1 "reset";
    .port_info 2 /INPUT 32 "address";
    .port_info 3 /OUTPUT 32 "instruction";
    .port_info 4 /OUTPUT 1 "busywait";
P_00000279ac020d40 .param/l "CACHE_WRITE" 0 2 81, C4<011>;
P_00000279ac020d78 .param/l "IDLE" 0 2 81, C4<000>;
P_00000279ac020db0 .param/l "MEM_READ" 0 2 81, C4<001>;
L_00000279ac0378d0 .functor BUFZ 1, L_00000279ac0a0c60, C4<0>, C4<0>, C4<0>;
L_00000279ac037470 .functor BUFZ 25, L_00000279ac0a13e0, C4<0000000000000000000000000>, C4<0000000000000000000000000>, C4<0000000000000000000000000>;
v00000279ac0229f0_0 .net *"_ivl_0", 0 0, L_00000279ac0a0c60;  1 drivers
v00000279ac022b30_0 .net *"_ivl_10", 24 0, L_00000279ac0a13e0;  1 drivers
v00000279ac022d10_0 .net *"_ivl_13", 2 0, L_00000279ac0a1de0;  1 drivers
v00000279ac022e50_0 .net *"_ivl_14", 4 0, L_00000279ac0a15c0;  1 drivers
L_00000279ac1500d0 .functor BUFT 1, C4<00>, C4<0>, C4<0>, C4<0>;
v00000279ac023170_0 .net *"_ivl_17", 1 0, L_00000279ac1500d0;  1 drivers
v00000279ac0228b0_0 .net *"_ivl_3", 2 0, L_00000279ac0a0080;  1 drivers
v00000279ac0226d0_0 .net *"_ivl_4", 4 0, L_00000279ac0a01c0;  1 drivers
L_00000279ac150088 .functor BUFT 1, C4<00>, C4<0>, C4<0>, C4<0>;
v00000279ac023210_0 .net *"_ivl_7", 1 0, L_00000279ac150088;  1 drivers
o00000279ac048408 .functor BUFZ 32, C4<zzzzzzzzzzzzzzzzzzzzzzzzzzzzzzzz>; HiZ drive
v00000279ac022950_0 .net "address", 31 0, o00000279ac048408;  0 drivers
v00000279ac0232b0_0 .var "busywait", 0 0;
o00000279ac048048 .functor BUFZ 1, C4<z>; HiZ drive
v00000279ac023350_0 .net "clock", 0 0, o00000279ac048048;  0 drivers
v00000279ac0224f0_0 .var "hit", 0 0;
v00000279ac0a18e0_0 .var/i "i", 31 0;
v00000279ac0a0120_0 .net "index", 2 0, L_00000279ac0a0d00;  1 drivers
v00000279ac0a0800_0 .var "instruction", 31 0;
v00000279ac0a17a0_0 .var "mem_address", 27 0;
v00000279ac0a1a20_0 .net "mem_busywait", 0 0, v00000279ac022770_0;  1 drivers
v00000279ac0a1660_0 .var "mem_read", 0 0;
v00000279ac0a1200_0 .net "mem_readdata", 127 0, v00000279ac022c70_0;  1 drivers
v00000279ac0a1520_0 .var "next_state", 2 0;
v00000279ac0a1f20_0 .net "offset", 1 0, L_00000279ac0a1980;  1 drivers
o00000279ac048138 .functor BUFZ 1, C4<z>; HiZ drive
v00000279ac0a0260_0 .net "reset", 0 0, o00000279ac048138;  0 drivers
v00000279ac0a0da0_0 .var "state", 2 0;
v00000279ac0a1ac0_0 .net "tag", 24 0, L_00000279ac037470;  1 drivers
v00000279ac0a0b20 .array "tags", 7 0, 24 0;
v00000279ac0a1e80_0 .net "valid", 0 0, L_00000279ac0378d0;  1 drivers
v00000279ac0a0a80 .array "valid_bits", 7 0, 0 0;
v00000279ac0a0300 .array "word", 31 0, 31 0;
v00000279ac0a0bc0_0 .var "write_from_mem", 0 0;
E_00000279ac01cf10/0 .event negedge, v00000279ac022f90_0;
E_00000279ac01cf10/1 .event posedge, v00000279ac022810_0;
E_00000279ac01cf10 .event/or E_00000279ac01cf10/0, E_00000279ac01cf10/1;
E_00000279ac01cad0 .event anyedge, v00000279ac0a0da0_0, v00000279ac022950_0;
E_00000279ac01d2d0 .event anyedge, v00000279ac0a0da0_0, v00000279ac0224f0_0, v00000279ac022770_0;
E_00000279ac01c490 .event anyedge, v00000279ac0a1ac0_0, v00000279ac022950_0, v00000279ac0a1e80_0;
v00000279ac0a0300_0 .array/port v00000279ac0a0300, 0;
v00000279ac0a0300_1 .array/port v00000279ac0a0300, 1;
E_00000279ac01cdd0/0 .event anyedge, v00000279ac0a0120_0, v00000279ac0a1f20_0, v00000279ac0a0300_0, v00000279ac0a0300_1;
v00000279ac0a0300_2 .array/port v00000279ac0a0300, 2;
v00000279ac0a0300_3 .array/port v00000279ac0a0300, 3;
v00000279ac0a0300_4 .array/port v00000279ac0a0300, 4;
v00000279ac0a0300_5 .array/port v00000279ac0a0300, 5;
E_00000279ac01cdd0/1 .event anyedge, v00000279ac0a0300_2, v00000279ac0a0300_3, v00000279ac0a0300_4, v00000279ac0a0300_5;
v00000279ac0a0300_6 .array/port v00000279ac0a0300, 6;
v00000279ac0a0300_7 .array/port v00000279ac0a0300, 7;
v00000279ac0a0300_8 .array/port v00000279ac0a0300, 8;
v00000279ac0a0300_9 .array/port v00000279ac0a0300, 9;
E_00000279ac01cdd0/2 .event anyedge, v00000279ac0a0300_6, v00000279ac0a0300_7, v00000279ac0a0300_8, v00000279ac0a0300_9;
v00000279ac0a0300_10 .array/port v00000279ac0a0300, 10;
v00000279ac0a0300_11 .array/port v00000279ac0a0300, 11;
v00000279ac0a0300_12 .array/port v00000279ac0a0300, 12;
v00000279ac0a0300_13 .array/port v00000279ac0a0300, 13;
E_00000279ac01cdd0/3 .event anyedge, v00000279ac0a0300_10, v00000279ac0a0300_11, v00000279ac0a0300_12, v00000279ac0a0300_13;
v00000279ac0a0300_14 .array/port v00000279ac0a0300, 14;
v00000279ac0a0300_15 .array/port v00000279ac0a0300, 15;
v00000279ac0a0300_16 .array/port v00000279ac0a0300, 16;
v00000279ac0a0300_17 .array/port v00000279ac0a0300, 17;
E_00000279ac01cdd0/4 .event anyedge, v00000279ac0a0300_14, v00000279ac0a0300_15, v00000279ac0a0300_16, v00000279ac0a0300_17;
v00000279ac0a0300_18 .array/port v00000279ac0a0300, 18;
v00000279ac0a0300_19 .array/port v00000279ac0a0300, 19;
v00000279ac0a0300_20 .array/port v00000279ac0a0300, 20;
v00000279ac0a0300_21 .array/port v00000279ac0a0300, 21;
E_00000279ac01cdd0/5 .event anyedge, v00000279ac0a0300_18, v00000279ac0a0300_19, v00000279ac0a0300_20, v00000279ac0a0300_21;
v00000279ac0a0300_22 .array/port v00000279ac0a0300, 22;
v00000279ac0a0300_23 .array/port v00000279ac0a0300, 23;
v00000279ac0a0300_24 .array/port v00000279ac0a0300, 24;
v00000279ac0a0300_25 .array/port v00000279ac0a0300, 25;
E_00000279ac01cdd0/6 .event anyedge, v00000279ac0a0300_22, v00000279ac0a0300_23, v00000279ac0a0300_24, v00000279ac0a0300_25;
v00000279ac0a0300_26 .array/port v00000279ac0a0300, 26;
v00000279ac0a0300_27 .array/port v00000279ac0a0300, 27;
v00000279ac0a0300_28 .array/port v00000279ac0a0300, 28;
v00000279ac0a0300_29 .array/port v00000279ac0a0300, 29;
E_00000279ac01cdd0/7 .event anyedge, v00000279ac0a0300_26, v00000279ac0a0300_27, v00000279ac0a0300_28, v00000279ac0a0300_29;
v00000279ac0a0300_30 .array/port v00000279ac0a0300, 30;
v00000279ac0a0300_31 .array/port v00000279ac0a0300, 31;
E_00000279ac01cdd0/8 .event anyedge, v00000279ac0a0300_30, v00000279ac0a0300_31;
E_00000279ac01cdd0 .event/or E_00000279ac01cdd0/0, E_00000279ac01cdd0/1, E_00000279ac01cdd0/2, E_00000279ac01cdd0/3, E_00000279ac01cdd0/4, E_00000279ac01cdd0/5, E_00000279ac01cdd0/6, E_00000279ac01cdd0/7, E_00000279ac01cdd0/8;
L_00000279ac0a0c60 .array/port v00000279ac0a0a80, L_00000279ac0a01c0;
L_00000279ac0a0080 .part o00000279ac048408, 4, 3;
L_00000279ac0a01c0 .concat [ 3 2 0 0], L_00000279ac0a0080, L_00000279ac150088;
L_00000279ac0a13e0 .array/port v00000279ac0a0b20, L_00000279ac0a15c0;
L_00000279ac0a1de0 .part o00000279ac048408, 4, 3;
L_00000279ac0a15c0 .concat [ 3 2 0 0], L_00000279ac0a1de0, L_00000279ac1500d0;
L_00000279ac0a0d00 .part o00000279ac048408, 4, 3;
L_00000279ac0a1980 .part o00000279ac048408, 2, 2;
S_00000279ac032ff0 .scope module, "my_i_memory" "Instruction_memory" 2 38, 3 2 0, S_00000279ac020bb0;
 .timescale -9 -10;
    .port_info 0 /INPUT 1 "reset";
    .port_info 1 /INPUT 1 "clock";
    .port_info 2 /INPUT 1 "read";
    .port_info 3 /INPUT 28 "address";
    .port_info 4 /OUTPUT 128 "readdata";
    .port_info 5 /OUTPUT 1 "busywait";
v00000279ac022ef0_0 .net "address", 27 0, v00000279ac0a17a0_0;  1 drivers
v00000279ac022770_0 .var "busywait", 0 0;
v00000279ac022f90_0 .net "clock", 0 0, o00000279ac048048;  alias, 0 drivers
v00000279ac0230d0_0 .var "counter", 3 0;
v00000279ac022bd0 .array "memory_array", 1023 0, 7 0;
v00000279ac022db0_0 .net "read", 0 0, v00000279ac0a1660_0;  1 drivers
v00000279ac022630_0 .var "readaccess", 0 0;
v00000279ac022c70_0 .var "readdata", 127 0;
v00000279ac022810_0 .net "reset", 0 0, o00000279ac048138;  alias, 0 drivers
E_00000279ac01cc10 .event posedge, v00000279ac022810_0, v00000279ac022f90_0;
E_00000279ac01cc50 .event anyedge, v00000279ac022db0_0, v00000279ac0230d0_0;
    .scope S_00000279ac032ff0;
T_0 ;
    %pushi/vec4 55, 0, 8;
    %ix/load 4, 0, 0;
    %flag_set/imm 4, 0;
    %store/vec4a v00000279ac022bd0, 4, 0;
    %pushi/vec4 183, 0, 8;
    %ix/load 4, 1, 0;
    %flag_set/imm 4, 0;
    %store/vec4a v00000279ac022bd0, 4, 0;
    %pushi/vec4 55, 0, 8;
    %ix/load 4, 2, 0;
    %flag_set/imm 4, 0;
    %store/vec4a v00000279ac022bd0, 4, 0;
    %pushi/vec4 183, 0, 8;
    %ix/load 4, 3, 0;
    %flag_set/imm 4, 0;
    %store/vec4a v00000279ac022bd0, 4, 0;
    %end;
    .thread T_0;
    .scope S_00000279ac032ff0;
T_1 ;
    %wait E_00000279ac01cc50;
    %load/vec4 v00000279ac022db0_0;
    %flag_set/vec4 9;
    %flag_get/vec4 9;
    %jmp/0 T_1.2, 9;
    %load/vec4 v00000279ac0230d0_0;
    %pushi/vec4 15, 0, 4;
    %cmp/ne;
    %flag_get/vec4 4;
    %and;
T_1.2;
    %flag_set/vec4 8;
    %jmp/0 T_1.0, 8;
    %pushi/vec4 1, 0, 2;
    %jmp/1 T_1.1, 8;
T_1.0 ; End of true expr.
    %pushi/vec4 0, 0, 2;
    %jmp/0 T_1.1, 8;
 ; End of false expr.
    %blend;
T_1.1;
    %pad/s 1;
    %assign/vec4 v00000279ac022770_0, 0;
    %load/vec4 v00000279ac022db0_0;
    %flag_set/vec4 8;
    %jmp/0 T_1.3, 8;
    %pushi/vec4 1, 0, 1;
    %jmp/1 T_1.4, 8;
T_1.3 ; End of true expr.
    %pushi/vec4 0, 0, 1;
    %jmp/0 T_1.4, 8;
 ; End of false expr.
    %blend;
T_1.4;
    %assign/vec4 v00000279ac022630_0, 0;
    %jmp T_1;
    .thread T_1, $push;
    .scope S_00000279ac032ff0;
T_2 ;
    %wait E_00000279ac01cc10;
    %load/vec4 v00000279ac022810_0;
    %flag_set/vec4 8;
    %jmp/0xz  T_2.0, 8;
    %pushi/vec4 0, 0, 4;
    %assign/vec4 v00000279ac0230d0_0, 0;
    %jmp T_2.1;
T_2.0 ;
    %load/vec4 v00000279ac022630_0;
    %flag_set/vec4 8;
    %jmp/0xz  T_2.2, 8;
    %load/vec4 v00000279ac0230d0_0;
    %addi 1, 0, 4;
    %assign/vec4 v00000279ac0230d0_0, 0;
T_2.2 ;
T_2.1 ;
    %jmp T_2;
    .thread T_2;
    .scope S_00000279ac032ff0;
T_3 ;
    %wait E_00000279ac01cc10;
    %load/vec4 v00000279ac0230d0_0;
    %dup/vec4;
    %pushi/vec4 0, 0, 4;
    %cmp/u;
    %jmp/1 T_3.0, 6;
    %dup/vec4;
    %pushi/vec4 1, 0, 4;
    %cmp/u;
    %jmp/1 T_3.1, 6;
    %dup/vec4;
    %pushi/vec4 2, 0, 4;
    %cmp/u;
    %jmp/1 T_3.2, 6;
    %dup/vec4;
    %pushi/vec4 3, 0, 4;
    %cmp/u;
    %jmp/1 T_3.3, 6;
    %dup/vec4;
    %pushi/vec4 4, 0, 4;
    %cmp/u;
    %jmp/1 T_3.4, 6;
    %dup/vec4;
    %pushi/vec4 5, 0, 4;
    %cmp/u;
    %jmp/1 T_3.5, 6;
    %dup/vec4;
    %pushi/vec4 6, 0, 4;
    %cmp/u;
    %jmp/1 T_3.6, 6;
    %dup/vec4;
    %pushi/vec4 7, 0, 4;
    %cmp/u;
    %jmp/1 T_3.7, 6;
    %dup/vec4;
    %pushi/vec4 8, 0, 4;
    %cmp/u;
    %jmp/1 T_3.8, 6;
    %dup/vec4;
    %pushi/vec4 9, 0, 4;
    %cmp/u;
    %jmp/1 T_3.9, 6;
    %dup/vec4;
    %pushi/vec4 10, 0, 4;
    %cmp/u;
    %jmp/1 T_3.10, 6;
    %dup/vec4;
    %pushi/vec4 11, 0, 4;
    %cmp/u;
    %jmp/1 T_3.11, 6;
    %dup/vec4;
    %pushi/vec4 12, 0, 4;
    %cmp/u;
    %jmp/1 T_3.12, 6;
    %dup/vec4;
    %pushi/vec4 13, 0, 4;
    %cmp/u;
    %jmp/1 T_3.13, 6;
    %dup/vec4;
    %pushi/vec4 14, 0, 4;
    %cmp/u;
    %jmp/1 T_3.14, 6;
    %dup/vec4;
    %pushi/vec4 15, 0, 4;
    %cmp/u;
    %jmp/1 T_3.15, 6;
    %jmp T_3.16;
T_3.0 ;
    %load/vec4 v00000279ac022ef0_0;
    %load/vec4 v00000279ac0230d0_0;
    %concat/vec4; draw_concat_vec4
    %ix/vec4 4;
    %load/vec4a v00000279ac022bd0, 4;
    %ix/load 4, 0, 0;
    %flag_set/imm 4, 0;
    %store/vec4 v00000279ac022c70_0, 4, 8;
    %jmp T_3.16;
T_3.1 ;
    %load/vec4 v00000279ac022ef0_0;
    %load/vec4 v00000279ac0230d0_0;
    %concat/vec4; draw_concat_vec4
    %ix/vec4 4;
    %load/vec4a v00000279ac022bd0, 4;
    %ix/load 4, 8, 0;
    %flag_set/imm 4, 0;
    %store/vec4 v00000279ac022c70_0, 4, 8;
    %jmp T_3.16;
T_3.2 ;
    %load/vec4 v00000279ac022ef0_0;
    %load/vec4 v00000279ac0230d0_0;
    %concat/vec4; draw_concat_vec4
    %ix/vec4 4;
    %load/vec4a v00000279ac022bd0, 4;
    %ix/load 4, 16, 0;
    %flag_set/imm 4, 0;
    %store/vec4 v00000279ac022c70_0, 4, 8;
    %jmp T_3.16;
T_3.3 ;
    %load/vec4 v00000279ac022ef0_0;
    %load/vec4 v00000279ac0230d0_0;
    %concat/vec4; draw_concat_vec4
    %ix/vec4 4;
    %load/vec4a v00000279ac022bd0, 4;
    %ix/load 4, 24, 0;
    %flag_set/imm 4, 0;
    %store/vec4 v00000279ac022c70_0, 4, 8;
    %jmp T_3.16;
T_3.4 ;
    %load/vec4 v00000279ac022ef0_0;
    %load/vec4 v00000279ac0230d0_0;
    %concat/vec4; draw_concat_vec4
    %ix/vec4 4;
    %load/vec4a v00000279ac022bd0, 4;
    %ix/load 4, 32, 0;
    %flag_set/imm 4, 0;
    %store/vec4 v00000279ac022c70_0, 4, 8;
    %jmp T_3.16;
T_3.5 ;
    %load/vec4 v00000279ac022ef0_0;
    %load/vec4 v00000279ac0230d0_0;
    %concat/vec4; draw_concat_vec4
    %ix/vec4 4;
    %load/vec4a v00000279ac022bd0, 4;
    %ix/load 4, 40, 0;
    %flag_set/imm 4, 0;
    %store/vec4 v00000279ac022c70_0, 4, 8;
    %jmp T_3.16;
T_3.6 ;
    %load/vec4 v00000279ac022ef0_0;
    %load/vec4 v00000279ac0230d0_0;
    %concat/vec4; draw_concat_vec4
    %ix/vec4 4;
    %load/vec4a v00000279ac022bd0, 4;
    %ix/load 4, 48, 0;
    %flag_set/imm 4, 0;
    %store/vec4 v00000279ac022c70_0, 4, 8;
    %jmp T_3.16;
T_3.7 ;
    %load/vec4 v00000279ac022ef0_0;
    %load/vec4 v00000279ac0230d0_0;
    %concat/vec4; draw_concat_vec4
    %ix/vec4 4;
    %load/vec4a v00000279ac022bd0, 4;
    %ix/load 4, 56, 0;
    %flag_set/imm 4, 0;
    %store/vec4 v00000279ac022c70_0, 4, 8;
    %jmp T_3.16;
T_3.8 ;
    %load/vec4 v00000279ac022ef0_0;
    %load/vec4 v00000279ac0230d0_0;
    %concat/vec4; draw_concat_vec4
    %ix/vec4 4;
    %load/vec4a v00000279ac022bd0, 4;
    %ix/load 4, 64, 0;
    %flag_set/imm 4, 0;
    %store/vec4 v00000279ac022c70_0, 4, 8;
    %jmp T_3.16;
T_3.9 ;
    %load/vec4 v00000279ac022ef0_0;
    %load/vec4 v00000279ac0230d0_0;
    %concat/vec4; draw_concat_vec4
    %ix/vec4 4;
    %load/vec4a v00000279ac022bd0, 4;
    %ix/load 4, 72, 0;
    %flag_set/imm 4, 0;
    %store/vec4 v00000279ac022c70_0, 4, 8;
    %jmp T_3.16;
T_3.10 ;
    %load/vec4 v00000279ac022ef0_0;
    %load/vec4 v00000279ac0230d0_0;
    %concat/vec4; draw_concat_vec4
    %ix/vec4 4;
    %load/vec4a v00000279ac022bd0, 4;
    %ix/load 4, 80, 0;
    %flag_set/imm 4, 0;
    %store/vec4 v00000279ac022c70_0, 4, 8;
    %jmp T_3.16;
T_3.11 ;
    %load/vec4 v00000279ac022ef0_0;
    %load/vec4 v00000279ac0230d0_0;
    %concat/vec4; draw_concat_vec4
    %ix/vec4 4;
    %load/vec4a v00000279ac022bd0, 4;
    %ix/load 4, 88, 0;
    %flag_set/imm 4, 0;
    %store/vec4 v00000279ac022c70_0, 4, 8;
    %jmp T_3.16;
T_3.12 ;
    %load/vec4 v00000279ac022ef0_0;
    %load/vec4 v00000279ac0230d0_0;
    %concat/vec4; draw_concat_vec4
    %ix/vec4 4;
    %load/vec4a v00000279ac022bd0, 4;
    %ix/load 4, 96, 0;
    %flag_set/imm 4, 0;
    %store/vec4 v00000279ac022c70_0, 4, 8;
    %jmp T_3.16;
T_3.13 ;
    %load/vec4 v00000279ac022ef0_0;
    %load/vec4 v00000279ac0230d0_0;
    %concat/vec4; draw_concat_vec4
    %ix/vec4 4;
    %load/vec4a v00000279ac022bd0, 4;
    %ix/load 4, 104, 0;
    %flag_set/imm 4, 0;
    %store/vec4 v00000279ac022c70_0, 4, 8;
    %jmp T_3.16;
T_3.14 ;
    %load/vec4 v00000279ac022ef0_0;
    %load/vec4 v00000279ac0230d0_0;
    %concat/vec4; draw_concat_vec4
    %ix/vec4 4;
    %load/vec4a v00000279ac022bd0, 4;
    %ix/load 4, 112, 0;
    %flag_set/imm 4, 0;
    %store/vec4 v00000279ac022c70_0, 4, 8;
    %jmp T_3.16;
T_3.15 ;
    %load/vec4 v00000279ac022ef0_0;
    %load/vec4 v00000279ac0230d0_0;
    %concat/vec4; draw_concat_vec4
    %ix/vec4 4;
    %load/vec4a v00000279ac022bd0, 4;
    %ix/load 4, 120, 0;
    %flag_set/imm 4, 0;
    %store/vec4 v00000279ac022c70_0, 4, 8;
    %jmp T_3.16;
T_3.16 ;
    %pop/vec4 1;
    %jmp T_3;
    .thread T_3;
    .scope S_00000279ac020bb0;
T_4 ;
    %wait E_00000279ac01cdd0;
    %load/vec4 v00000279ac0a0120_0;
    %pad/u 8;
    %pad/u 10;
    %muli 4, 0, 10;
    %pad/u 11;
    %load/vec4 v00000279ac0a1f20_0;
    %pad/u 4;
    %pad/u 11;
    %add;
    %ix/vec4 4;
    %load/vec4a v00000279ac0a0300, 4;
    %assign/vec4 v00000279ac0a0800_0, 0;
    %jmp T_4;
    .thread T_4, $push;
    .scope S_00000279ac020bb0;
T_5 ;
    %wait E_00000279ac01c490;
    %load/vec4 v00000279ac0a1ac0_0;
    %load/vec4 v00000279ac022950_0;
    %parti/s 25, 7, 4;
    %cmp/e;
    %flag_get/vec4 4;
    %jmp/0 T_5.2, 4;
    %load/vec4 v00000279ac0a1e80_0;
    %and;
T_5.2;
    %flag_set/vec4 8;
    %jmp/0xz  T_5.0, 8;
    %pushi/vec4 1, 0, 1;
    %assign/vec4 v00000279ac0224f0_0, 0;
    %jmp T_5.1;
T_5.0 ;
    %pushi/vec4 0, 0, 1;
    %assign/vec4 v00000279ac0224f0_0, 0;
T_5.1 ;
    %jmp T_5;
    .thread T_5, $push;
    .scope S_00000279ac020bb0;
T_6 ;
    %wait E_00000279ac01cf10;
    %load/vec4 v00000279ac0a0260_0;
    %flag_set/vec4 8;
    %jmp/0xz  T_6.0, 8;
    %pushi/vec4 0, 0, 32;
    %store/vec4 v00000279ac0a18e0_0, 0, 32;
T_6.2 ;
    %load/vec4 v00000279ac0a18e0_0;
    %cmpi/s 8, 0, 32;
    %jmp/0xz T_6.3, 5;
    %pushi/vec4 0, 0, 1;
    %ix/getv/s 3, v00000279ac0a18e0_0;
    %ix/load 4, 0, 0; Constant delay
    %assign/vec4/a/d v00000279ac0a0a80, 0, 4;
    %load/vec4 v00000279ac0a18e0_0;
    %addi 1, 0, 32;
    %store/vec4 v00000279ac0a18e0_0, 0, 32;
    %jmp T_6.2;
T_6.3 ;
    %jmp T_6.1;
T_6.0 ;
    %load/vec4 v00000279ac0a0bc0_0;
    %flag_set/vec4 8;
    %jmp/0xz  T_6.4, 8;
    %pushi/vec4 1, 0, 1;
    %load/vec4 v00000279ac0a0120_0;
    %pad/u 5;
    %ix/vec4 3;
    %ix/load 4, 0, 0; Constant delay
    %assign/vec4/a/d v00000279ac0a0a80, 0, 4;
    %load/vec4 v00000279ac022950_0;
    %parti/s 25, 7, 4;
    %load/vec4 v00000279ac0a0120_0;
    %pad/u 5;
    %ix/vec4 3;
    %ix/load 4, 0, 0; Constant delay
    %assign/vec4/a/d v00000279ac0a0b20, 0, 4;
    %load/vec4 v00000279ac0a1200_0;
    %split/vec4 32;
    %load/vec4 v00000279ac0a0120_0;
    %pad/u 8;
    %pad/u 10;
    %muli 4, 0, 10;
    %ix/vec4 3;
    %ix/load 4, 0, 0; Constant delay
    %assign/vec4/a/d v00000279ac0a0300, 0, 4;
    %split/vec4 32;
    %load/vec4 v00000279ac0a0120_0;
    %pad/u 8;
    %pad/u 10;
    %muli 4, 0, 10;
    %pad/u 11;
    %pushi/vec4 1, 0, 2;
    %pad/s 11;
    %add;
    %ix/vec4 3;
    %ix/load 4, 0, 0; Constant delay
    %assign/vec4/a/d v00000279ac0a0300, 0, 4;
    %split/vec4 32;
    %load/vec4 v00000279ac0a0120_0;
    %pad/u 8;
    %pad/u 10;
    %muli 4, 0, 10;
    %pad/u 11;
    %pushi/vec4 2, 0, 3;
    %pad/s 11;
    %add;
    %ix/vec4 3;
    %ix/load 4, 0, 0; Constant delay
    %assign/vec4/a/d v00000279ac0a0300, 0, 4;
    %load/vec4 v00000279ac0a0120_0;
    %pad/u 8;
    %pad/u 10;
    %muli 4, 0, 10;
    %pad/u 11;
    %pushi/vec4 3, 0, 3;
    %pad/s 11;
    %add;
    %ix/vec4 3;
    %ix/load 4, 0, 0; Constant delay
    %assign/vec4/a/d v00000279ac0a0300, 0, 4;
T_6.4 ;
T_6.1 ;
    %jmp T_6;
    .thread T_6;
    .scope S_00000279ac020bb0;
T_7 ;
    %wait E_00000279ac01d2d0;
    %load/vec4 v00000279ac0a0da0_0;
    %dup/vec4;
    %pushi/vec4 0, 0, 3;
    %cmp/u;
    %jmp/1 T_7.0, 6;
    %dup/vec4;
    %pushi/vec4 1, 0, 3;
    %cmp/u;
    %jmp/1 T_7.1, 6;
    %dup/vec4;
    %pushi/vec4 3, 0, 3;
    %cmp/u;
    %jmp/1 T_7.2, 6;
    %jmp T_7.3;
T_7.0 ;
    %load/vec4 v00000279ac0224f0_0;
    %nor/r;
    %flag_set/vec4 8;
    %jmp/0xz  T_7.4, 8;
    %pushi/vec4 1, 0, 3;
    %assign/vec4 v00000279ac0a1520_0, 0;
    %jmp T_7.5;
T_7.4 ;
    %pushi/vec4 0, 0, 3;
    %assign/vec4 v00000279ac0a1520_0, 0;
T_7.5 ;
    %jmp T_7.3;
T_7.1 ;
    %load/vec4 v00000279ac0a1a20_0;
    %nor/r;
    %flag_set/vec4 8;
    %jmp/0xz  T_7.6, 8;
    %pushi/vec4 3, 0, 3;
    %assign/vec4 v00000279ac0a1520_0, 0;
    %jmp T_7.7;
T_7.6 ;
    %pushi/vec4 1, 0, 3;
    %assign/vec4 v00000279ac0a1520_0, 0;
T_7.7 ;
    %jmp T_7.3;
T_7.2 ;
    %pushi/vec4 0, 0, 3;
    %assign/vec4 v00000279ac0a1520_0, 0;
    %jmp T_7.3;
T_7.3 ;
    %pop/vec4 1;
    %jmp T_7;
    .thread T_7, $push;
    .scope S_00000279ac020bb0;
T_8 ;
    %wait E_00000279ac01cad0;
    %load/vec4 v00000279ac0a0da0_0;
    %dup/vec4;
    %pushi/vec4 0, 0, 3;
    %cmp/u;
    %jmp/1 T_8.0, 6;
    %dup/vec4;
    %pushi/vec4 1, 0, 3;
    %cmp/u;
    %jmp/1 T_8.1, 6;
    %dup/vec4;
    %pushi/vec4 3, 0, 3;
    %cmp/u;
    %jmp/1 T_8.2, 6;
    %jmp T_8.3;
T_8.0 ;
    %pushi/vec4 0, 0, 1;
    %assign/vec4 v00000279ac0a1660_0, 0;
    %pushi/vec4 0, 0, 1;
    %assign/vec4 v00000279ac0232b0_0, 0;
    %pushi/vec4 0, 0, 1;
    %assign/vec4 v00000279ac0a0bc0_0, 0;
    %jmp T_8.3;
T_8.1 ;
    %pushi/vec4 1, 0, 1;
    %assign/vec4 v00000279ac0a1660_0, 0;
    %load/vec4 v00000279ac022950_0;
    %parti/s 28, 4, 4;
    %assign/vec4 v00000279ac0a17a0_0, 0;
    %pushi/vec4 1, 0, 1;
    %assign/vec4 v00000279ac0232b0_0, 0;
    %pushi/vec4 0, 0, 1;
    %assign/vec4 v00000279ac0a0bc0_0, 0;
    %jmp T_8.3;
T_8.2 ;
    %pushi/vec4 0, 0, 1;
    %assign/vec4 v00000279ac0a1660_0, 0;
    %pushi/vec4 1, 0, 1;
    %assign/vec4 v00000279ac0232b0_0, 0;
    %pushi/vec4 1, 0, 1;
    %assign/vec4 v00000279ac0a0bc0_0, 0;
    %jmp T_8.3;
T_8.3 ;
    %pop/vec4 1;
    %jmp T_8;
    .thread T_8, $push;
    .scope S_00000279ac020bb0;
T_9 ;
    %wait E_00000279ac01cf10;
    %load/vec4 v00000279ac0a0260_0;
    %flag_set/vec4 8;
    %jmp/0xz  T_9.0, 8;
    %pushi/vec4 0, 0, 3;
    %assign/vec4 v00000279ac0a0da0_0, 0;
    %jmp T_9.1;
T_9.0 ;
    %load/vec4 v00000279ac0a1520_0;
    %assign/vec4 v00000279ac0a0da0_0, 0;
T_9.1 ;
    %jmp T_9;
    .thread T_9;
# The file index is used to find the file name in the following table.
:file_names 4;
    "N/A";
    "<interactive>";
    "icache.v";
    "././imem_for_icache.v";
