#! /c/Source/iverilog-install/bin/vvp
:ivl_version "12.0 (devel)" "(s20150603-1539-g2693dd32b)";
:ivl_delay_selection "TYPICAL";
:vpi_time_precision - 10;
:vpi_module "C:\iverilog\lib\ivl\system.vpi";
:vpi_module "C:\iverilog\lib\ivl\vhdl_sys.vpi";
:vpi_module "C:\iverilog\lib\ivl\vhdl_textio.vpi";
:vpi_module "C:\iverilog\lib\ivl\v2005_math.vpi";
:vpi_module "C:\iverilog\lib\ivl\va_math.vpi";
S_0000027975612d00 .scope module, "Instruction_memory" "Instruction_memory" 2 2;
 .timescale -9 -10;
    .port_info 0 /INPUT 1 "reset";
    .port_info 1 /INPUT 1 "clock";
    .port_info 2 /INPUT 1 "read";
    .port_info 3 /INPUT 28 "address";
    .port_info 4 /OUTPUT 128 "readdata";
    .port_info 5 /OUTPUT 1 "busywait";
o0000027975653f98 .functor BUFZ 28, C4<zzzzzzzzzzzzzzzzzzzzzzzzzzzz>; HiZ drive
v0000027975612e90_0 .net "address", 27 0, o0000027975653f98;  0 drivers
v0000027975612f30_0 .var "busywait", 0 0;
o0000027975653ff8 .functor BUFZ 1, C4<z>; HiZ drive
v0000027975612fd0_0 .net "clock", 0 0, o0000027975653ff8;  0 drivers
v0000027975613070_0 .var "counter", 3 0;
v0000027975613110 .array "memory_array", 1023 0, 7 0;
o0000027975654058 .functor BUFZ 1, C4<z>; HiZ drive
v00000279756444b0_0 .net "read", 0 0, o0000027975654058;  0 drivers
v0000027975644550_0 .var "readaccess", 0 0;
v00000279756445f0_0 .var "readdata", 127 0;
o00000279756540e8 .functor BUFZ 1, C4<z>; HiZ drive
v0000027975644690_0 .net "reset", 0 0, o00000279756540e8;  0 drivers
E_0000027975718680 .event posedge, v0000027975644690_0, v0000027975612fd0_0;
E_0000027975718700 .event anyedge, v00000279756444b0_0, v0000027975613070_0;
    .scope S_0000027975612d00;
T_0 ;
    %pushi/vec4 111, 0, 8;
    %ix/load 4, 0, 0;
    %flag_set/imm 4, 0;
    %store/vec4a v0000027975613110, 4, 0;
    %pushi/vec4 1, 0, 8;
    %ix/load 4, 1, 0;
    %flag_set/imm 4, 0;
    %store/vec4a v0000027975613110, 4, 0;
    %pushi/vec4 0, 0, 8;
    %ix/load 4, 2, 0;
    %flag_set/imm 4, 0;
    %store/vec4a v0000027975613110, 4, 0;
    %pushi/vec4 1, 0, 8;
    %ix/load 4, 3, 0;
    %flag_set/imm 4, 0;
    %store/vec4a v0000027975613110, 4, 0;
    %end;
    .thread T_0;
    .scope S_0000027975612d00;
T_1 ;
    %wait E_0000027975718700;
    %load/vec4 v00000279756444b0_0;
    %flag_set/vec4 9;
    %flag_get/vec4 9;
    %jmp/0 T_1.2, 9;
    %load/vec4 v0000027975613070_0;
    %pushi/vec4 15, 0, 4;
    %cmp/ne;
    %flag_get/vec4 4;
    %and;
T_1.2;
    %flag_set/vec4 8;
    %jmp/0 T_1.0, 8;
    %pushi/vec4 1, 0, 2;
    %jmp/1 T_1.1, 8;
T_1.0 ; End of true expr.
    %pushi/vec4 0, 0, 2;
    %jmp/0 T_1.1, 8;
 ; End of false expr.
    %blend;
T_1.1;
    %pad/s 1;
    %assign/vec4 v0000027975612f30_0, 0;
    %load/vec4 v00000279756444b0_0;
    %flag_set/vec4 8;
    %jmp/0 T_1.3, 8;
    %pushi/vec4 1, 0, 1;
    %jmp/1 T_1.4, 8;
T_1.3 ; End of true expr.
    %pushi/vec4 0, 0, 1;
    %jmp/0 T_1.4, 8;
 ; End of false expr.
    %blend;
T_1.4;
    %assign/vec4 v0000027975644550_0, 0;
    %jmp T_1;
    .thread T_1, $push;
    .scope S_0000027975612d00;
T_2 ;
    %wait E_0000027975718680;
    %load/vec4 v0000027975644690_0;
    %flag_set/vec4 8;
    %jmp/0xz  T_2.0, 8;
    %pushi/vec4 0, 0, 4;
    %assign/vec4 v0000027975613070_0, 0;
    %jmp T_2.1;
T_2.0 ;
    %load/vec4 v0000027975644550_0;
    %flag_set/vec4 8;
    %jmp/0xz  T_2.2, 8;
    %load/vec4 v0000027975613070_0;
    %addi 1, 0, 4;
    %assign/vec4 v0000027975613070_0, 0;
T_2.2 ;
T_2.1 ;
    %jmp T_2;
    .thread T_2;
    .scope S_0000027975612d00;
T_3 ;
    %wait E_0000027975718680;
    %load/vec4 v0000027975613070_0;
    %dup/vec4;
    %pushi/vec4 0, 0, 4;
    %cmp/u;
    %jmp/1 T_3.0, 6;
    %dup/vec4;
    %pushi/vec4 1, 0, 4;
    %cmp/u;
    %jmp/1 T_3.1, 6;
    %dup/vec4;
    %pushi/vec4 2, 0, 4;
    %cmp/u;
    %jmp/1 T_3.2, 6;
    %dup/vec4;
    %pushi/vec4 3, 0, 4;
    %cmp/u;
    %jmp/1 T_3.3, 6;
    %dup/vec4;
    %pushi/vec4 4, 0, 4;
    %cmp/u;
    %jmp/1 T_3.4, 6;
    %dup/vec4;
    %pushi/vec4 5, 0, 4;
    %cmp/u;
    %jmp/1 T_3.5, 6;
    %dup/vec4;
    %pushi/vec4 6, 0, 4;
    %cmp/u;
    %jmp/1 T_3.6, 6;
    %dup/vec4;
    %pushi/vec4 7, 0, 4;
    %cmp/u;
    %jmp/1 T_3.7, 6;
    %dup/vec4;
    %pushi/vec4 8, 0, 4;
    %cmp/u;
    %jmp/1 T_3.8, 6;
    %dup/vec4;
    %pushi/vec4 9, 0, 4;
    %cmp/u;
    %jmp/1 T_3.9, 6;
    %dup/vec4;
    %pushi/vec4 10, 0, 4;
    %cmp/u;
    %jmp/1 T_3.10, 6;
    %dup/vec4;
    %pushi/vec4 11, 0, 4;
    %cmp/u;
    %jmp/1 T_3.11, 6;
    %dup/vec4;
    %pushi/vec4 12, 0, 4;
    %cmp/u;
    %jmp/1 T_3.12, 6;
    %dup/vec4;
    %pushi/vec4 13, 0, 4;
    %cmp/u;
    %jmp/1 T_3.13, 6;
    %dup/vec4;
    %pushi/vec4 14, 0, 4;
    %cmp/u;
    %jmp/1 T_3.14, 6;
    %dup/vec4;
    %pushi/vec4 15, 0, 4;
    %cmp/u;
    %jmp/1 T_3.15, 6;
    %jmp T_3.16;
T_3.0 ;
    %load/vec4 v0000027975612e90_0;
    %load/vec4 v0000027975613070_0;
    %concat/vec4; draw_concat_vec4
    %ix/vec4 4;
    %load/vec4a v0000027975613110, 4;
    %ix/load 4, 0, 0;
    %flag_set/imm 4, 0;
    %store/vec4 v00000279756445f0_0, 4, 8;
    %jmp T_3.16;
T_3.1 ;
    %load/vec4 v0000027975612e90_0;
    %load/vec4 v0000027975613070_0;
    %concat/vec4; draw_concat_vec4
    %ix/vec4 4;
    %load/vec4a v0000027975613110, 4;
    %ix/load 4, 8, 0;
    %flag_set/imm 4, 0;
    %store/vec4 v00000279756445f0_0, 4, 8;
    %jmp T_3.16;
T_3.2 ;
    %load/vec4 v0000027975612e90_0;
    %load/vec4 v0000027975613070_0;
    %concat/vec4; draw_concat_vec4
    %ix/vec4 4;
    %load/vec4a v0000027975613110, 4;
    %ix/load 4, 16, 0;
    %flag_set/imm 4, 0;
    %store/vec4 v00000279756445f0_0, 4, 8;
    %jmp T_3.16;
T_3.3 ;
    %load/vec4 v0000027975612e90_0;
    %load/vec4 v0000027975613070_0;
    %concat/vec4; draw_concat_vec4
    %ix/vec4 4;
    %load/vec4a v0000027975613110, 4;
    %ix/load 4, 24, 0;
    %flag_set/imm 4, 0;
    %store/vec4 v00000279756445f0_0, 4, 8;
    %jmp T_3.16;
T_3.4 ;
    %load/vec4 v0000027975612e90_0;
    %load/vec4 v0000027975613070_0;
    %concat/vec4; draw_concat_vec4
    %ix/vec4 4;
    %load/vec4a v0000027975613110, 4;
    %ix/load 4, 32, 0;
    %flag_set/imm 4, 0;
    %store/vec4 v00000279756445f0_0, 4, 8;
    %jmp T_3.16;
T_3.5 ;
    %load/vec4 v0000027975612e90_0;
    %load/vec4 v0000027975613070_0;
    %concat/vec4; draw_concat_vec4
    %ix/vec4 4;
    %load/vec4a v0000027975613110, 4;
    %ix/load 4, 40, 0;
    %flag_set/imm 4, 0;
    %store/vec4 v00000279756445f0_0, 4, 8;
    %jmp T_3.16;
T_3.6 ;
    %load/vec4 v0000027975612e90_0;
    %load/vec4 v0000027975613070_0;
    %concat/vec4; draw_concat_vec4
    %ix/vec4 4;
    %load/vec4a v0000027975613110, 4;
    %ix/load 4, 48, 0;
    %flag_set/imm 4, 0;
    %store/vec4 v00000279756445f0_0, 4, 8;
    %jmp T_3.16;
T_3.7 ;
    %load/vec4 v0000027975612e90_0;
    %load/vec4 v0000027975613070_0;
    %concat/vec4; draw_concat_vec4
    %ix/vec4 4;
    %load/vec4a v0000027975613110, 4;
    %ix/load 4, 56, 0;
    %flag_set/imm 4, 0;
    %store/vec4 v00000279756445f0_0, 4, 8;
    %jmp T_3.16;
T_3.8 ;
    %load/vec4 v0000027975612e90_0;
    %load/vec4 v0000027975613070_0;
    %concat/vec4; draw_concat_vec4
    %ix/vec4 4;
    %load/vec4a v0000027975613110, 4;
    %ix/load 4, 64, 0;
    %flag_set/imm 4, 0;
    %store/vec4 v00000279756445f0_0, 4, 8;
    %jmp T_3.16;
T_3.9 ;
    %load/vec4 v0000027975612e90_0;
    %load/vec4 v0000027975613070_0;
    %concat/vec4; draw_concat_vec4
    %ix/vec4 4;
    %load/vec4a v0000027975613110, 4;
    %ix/load 4, 72, 0;
    %flag_set/imm 4, 0;
    %store/vec4 v00000279756445f0_0, 4, 8;
    %jmp T_3.16;
T_3.10 ;
    %load/vec4 v0000027975612e90_0;
    %load/vec4 v0000027975613070_0;
    %concat/vec4; draw_concat_vec4
    %ix/vec4 4;
    %load/vec4a v0000027975613110, 4;
    %ix/load 4, 80, 0;
    %flag_set/imm 4, 0;
    %store/vec4 v00000279756445f0_0, 4, 8;
    %jmp T_3.16;
T_3.11 ;
    %load/vec4 v0000027975612e90_0;
    %load/vec4 v0000027975613070_0;
    %concat/vec4; draw_concat_vec4
    %ix/vec4 4;
    %load/vec4a v0000027975613110, 4;
    %ix/load 4, 88, 0;
    %flag_set/imm 4, 0;
    %store/vec4 v00000279756445f0_0, 4, 8;
    %jmp T_3.16;
T_3.12 ;
    %load/vec4 v0000027975612e90_0;
    %load/vec4 v0000027975613070_0;
    %concat/vec4; draw_concat_vec4
    %ix/vec4 4;
    %load/vec4a v0000027975613110, 4;
    %ix/load 4, 96, 0;
    %flag_set/imm 4, 0;
    %store/vec4 v00000279756445f0_0, 4, 8;
    %jmp T_3.16;
T_3.13 ;
    %load/vec4 v0000027975612e90_0;
    %load/vec4 v0000027975613070_0;
    %concat/vec4; draw_concat_vec4
    %ix/vec4 4;
    %load/vec4a v0000027975613110, 4;
    %ix/load 4, 104, 0;
    %flag_set/imm 4, 0;
    %store/vec4 v00000279756445f0_0, 4, 8;
    %jmp T_3.16;
T_3.14 ;
    %load/vec4 v0000027975612e90_0;
    %load/vec4 v0000027975613070_0;
    %concat/vec4; draw_concat_vec4
    %ix/vec4 4;
    %load/vec4a v0000027975613110, 4;
    %ix/load 4, 112, 0;
    %flag_set/imm 4, 0;
    %store/vec4 v00000279756445f0_0, 4, 8;
    %jmp T_3.16;
T_3.15 ;
    %load/vec4 v0000027975612e90_0;
    %load/vec4 v0000027975613070_0;
    %concat/vec4; draw_concat_vec4
    %ix/vec4 4;
    %load/vec4a v0000027975613110, 4;
    %ix/load 4, 120, 0;
    %flag_set/imm 4, 0;
    %store/vec4 v00000279756445f0_0, 4, 8;
    %jmp T_3.16;
T_3.16 ;
    %pop/vec4 1;
    %jmp T_3;
    .thread T_3;
# The file index is used to find the file name in the following table.
:file_names 3;
    "N/A";
    "<interactive>";
    "imem_for_icache.v";
